Classic Timing Analyzer report for improved_rom
Mon Jan 20 13:01:53 2020
Quartus II Version 9.1 Build 350 03/24/2010 Service Pack 2 SJ Web Edition


---------------------
; Table of Contents ;
---------------------
  1. Legal Notice
  2. Timing Analyzer Summary
  3. Timing Analyzer Settings
  4. Parallel Compilation
  5. tpd
  6. Timing Analyzer Messages



----------------
; Legal Notice ;
----------------
Copyright (C) 1991-2010 Altera Corporation
Your use of Altera Corporation's design tools, logic functions 
and other software and tools, and its AMPP partner logic 
functions, and any output files from any of the foregoing 
(including device programming or simulation files), and any 
associated documentation or information are expressly subject 
to the terms and conditions of the Altera Program License 
Subscription Agreement, Altera MegaCore Function License 
Agreement, or other applicable license agreement, including, 
without limitation, that your use is for the sole purpose of 
programming logic devices manufactured by Altera and sold by 
Altera or its authorized distributors.  Please refer to the 
applicable agreement for further details.



+----------------------------------------------------------------------------------------------------------------------------+
; Timing Analyzer Summary                                                                                                    ;
+------------------------------+-------+---------------+-------------+------+---------+------------+----------+--------------+
; Type                         ; Slack ; Required Time ; Actual Time ; From ; To      ; From Clock ; To Clock ; Failed Paths ;
+------------------------------+-------+---------------+-------------+------+---------+------------+----------+--------------+
; Worst-case tpd               ; N/A   ; None          ; 12.382 ns   ; LT   ; data[7] ; --         ; --       ; 0            ;
; Total number of failed paths ;       ;               ;             ;      ;         ;            ;          ; 0            ;
+------------------------------+-------+---------------+-------------+------+---------+------------+----------+--------------+


+-----------------------------------------------------------------------------------------------------------------------------------------------------+
; Timing Analyzer Settings                                                                                                                            ;
+------------------------------------------------------------------------------------------------------+--------------------+------+----+-------------+
; Option                                                                                               ; Setting            ; From ; To ; Entity Name ;
+------------------------------------------------------------------------------------------------------+--------------------+------+----+-------------+
; Device Name                                                                                          ; EP2C35F672C6       ;      ;    ;             ;
; Timing Models                                                                                        ; Final              ;      ;    ;             ;
; Default hold multicycle                                                                              ; Same as Multicycle ;      ;    ;             ;
; Cut paths between unrelated clock domains                                                            ; On                 ;      ;    ;             ;
; Cut off read during write signal paths                                                               ; On                 ;      ;    ;             ;
; Cut off feedback from I/O pins                                                                       ; On                 ;      ;    ;             ;
; Report Combined Fast/Slow Timing                                                                     ; Off                ;      ;    ;             ;
; Ignore Clock Settings                                                                                ; Off                ;      ;    ;             ;
; Analyze latches as synchronous elements                                                              ; On                 ;      ;    ;             ;
; Enable Recovery/Removal analysis                                                                     ; Off                ;      ;    ;             ;
; Enable Clock Latency                                                                                 ; Off                ;      ;    ;             ;
; Use TimeQuest Timing Analyzer                                                                        ; Off                ;      ;    ;             ;
; Minimum Core Junction Temperature                                                                    ; 0                  ;      ;    ;             ;
; Maximum Core Junction Temperature                                                                    ; 85                 ;      ;    ;             ;
; Number of source nodes to report per destination node                                                ; 10                 ;      ;    ;             ;
; Number of destination nodes to report                                                                ; 10                 ;      ;    ;             ;
; Number of paths to report                                                                            ; 200                ;      ;    ;             ;
; Report Minimum Timing Checks                                                                         ; Off                ;      ;    ;             ;
; Use Fast Timing Models                                                                               ; Off                ;      ;    ;             ;
; Report IO Paths Separately                                                                           ; Off                ;      ;    ;             ;
; Perform Multicorner Analysis                                                                         ; On                 ;      ;    ;             ;
; Reports the worst-case path for each clock domain and analysis                                       ; Off                ;      ;    ;             ;
; Reports worst-case timing paths for each clock domain and analysis                                   ; On                 ;      ;    ;             ;
; Specifies the maximum number of worst-case timing paths to report for each clock domain and analysis ; 100                ;      ;    ;             ;
; Removes common clock path pessimism (CCPP) during slack computation                                  ; Off                ;      ;    ;             ;
; Output I/O Timing Endpoint                                                                           ; Near End           ;      ;    ;             ;
+------------------------------------------------------------------------------------------------------+--------------------+------+----+-------------+


Parallel compilation was disabled, but you have multiple processors available. Enable parallel compilation to reduce compilation time.
+-------------------------------------+
; Parallel Compilation                ;
+----------------------------+--------+
; Processors                 ; Number ;
+----------------------------+--------+
; Number detected on machine ; 2      ;
; Maximum allowed            ; 1      ;
+----------------------------+--------+


+-----------------------------------------------------------------+
; tpd                                                             ;
+-------+-------------------+-----------------+---------+---------+
; Slack ; Required P2P Time ; Actual P2P Time ; From    ; To      ;
+-------+-------------------+-----------------+---------+---------+
; N/A   ; None              ; 12.382 ns       ; LT      ; data[7] ;
; N/A   ; None              ; 12.102 ns       ; OE      ; data[7] ;
; N/A   ; None              ; 10.954 ns       ; LT      ; data[0] ;
; N/A   ; None              ; 10.927 ns       ; LT      ; data[2] ;
; N/A   ; None              ; 10.917 ns       ; LT      ; data[1] ;
; N/A   ; None              ; 10.704 ns       ; LT      ; data[4] ;
; N/A   ; None              ; 10.704 ns       ; LT      ; data[3] ;
; N/A   ; None              ; 10.694 ns       ; LT      ; data[6] ;
; N/A   ; None              ; 10.694 ns       ; LT      ; data[5] ;
; N/A   ; None              ; 10.674 ns       ; OE      ; data[0] ;
; N/A   ; None              ; 10.647 ns       ; OE      ; data[2] ;
; N/A   ; None              ; 10.637 ns       ; OE      ; data[1] ;
; N/A   ; None              ; 10.424 ns       ; OE      ; data[4] ;
; N/A   ; None              ; 10.424 ns       ; OE      ; data[3] ;
; N/A   ; None              ; 10.414 ns       ; OE      ; data[6] ;
; N/A   ; None              ; 10.414 ns       ; OE      ; data[5] ;
; N/A   ; None              ; 8.178 ns        ; addr[0] ; data[0] ;
; N/A   ; None              ; 7.942 ns        ; addr[1] ; data[0] ;
; N/A   ; None              ; 7.850 ns        ; addr[0] ; data[2] ;
; N/A   ; None              ; 7.843 ns        ; addr[0] ; data[1] ;
; N/A   ; None              ; 7.631 ns        ; addr[2] ; data[0] ;
; N/A   ; None              ; 7.626 ns        ; addr[0] ; data[4] ;
; N/A   ; None              ; 7.623 ns        ; addr[0] ; data[3] ;
; N/A   ; None              ; 7.616 ns        ; addr[0] ; data[5] ;
; N/A   ; None              ; 7.611 ns        ; addr[1] ; data[2] ;
; N/A   ; None              ; 7.608 ns        ; addr[1] ; data[1] ;
; N/A   ; None              ; 7.600 ns        ; addr[0] ; data[6] ;
; N/A   ; None              ; 7.389 ns        ; addr[1] ; data[3] ;
; N/A   ; None              ; 7.387 ns        ; addr[1] ; data[4] ;
; N/A   ; None              ; 7.378 ns        ; addr[1] ; data[5] ;
; N/A   ; None              ; 7.370 ns        ; addr[1] ; data[6] ;
; N/A   ; None              ; 7.302 ns        ; addr[2] ; data[2] ;
; N/A   ; None              ; 7.297 ns        ; addr[2] ; data[1] ;
; N/A   ; None              ; 7.190 ns        ; addr[3] ; data[0] ;
; N/A   ; None              ; 7.080 ns        ; addr[2] ; data[4] ;
; N/A   ; None              ; 7.075 ns        ; addr[2] ; data[3] ;
; N/A   ; None              ; 7.068 ns        ; addr[2] ; data[5] ;
; N/A   ; None              ; 7.057 ns        ; addr[2] ; data[6] ;
; N/A   ; None              ; 6.855 ns        ; addr[3] ; data[1] ;
; N/A   ; None              ; 6.825 ns        ; addr[3] ; data[2] ;
; N/A   ; None              ; 6.640 ns        ; addr[3] ; data[4] ;
; N/A   ; None              ; 6.621 ns        ; addr[3] ; data[3] ;
; N/A   ; None              ; 6.617 ns        ; addr[3] ; data[6] ;
; N/A   ; None              ; 6.601 ns        ; addr[3] ; data[5] ;
+-------+-------------------+-----------------+---------+---------+


+--------------------------+
; Timing Analyzer Messages ;
+--------------------------+
Info: *******************************************************************
Info: Running Quartus II Classic Timing Analyzer
    Info: Version 9.1 Build 350 03/24/2010 Service Pack 2 SJ Web Edition
    Info: Processing started: Mon Jan 20 13:01:52 2020
Info: Command: quartus_tan --read_settings_files=off --write_settings_files=off improved_rom -c improved_rom --timing_analysis_only
Info: Longest tpd from source pin "LT" to destination pin "data[7]" is 12.382 ns
    Info: 1: + IC(0.000 ns) + CELL(0.852 ns) = 0.852 ns; Loc. = PIN_V1; Fanout = 8; PIN Node = 'LT'
    Info: 2: + IC(5.991 ns) + CELL(0.419 ns) = 7.262 ns; Loc. = LCCOMB_X28_Y4_N4; Fanout = 8; COMB Node = 'data[7]~8'
    Info: 3: + IC(2.458 ns) + CELL(2.662 ns) = 12.382 ns; Loc. = PIN_V20; Fanout = 0; PIN Node = 'data[7]'
    Info: Total cell delay = 3.933 ns ( 31.76 % )
    Info: Total interconnect delay = 8.449 ns ( 68.24 % )
Info: Quartus II Classic Timing Analyzer was successful. 0 errors, 0 warnings
    Info: Peak virtual memory: 133 megabytes
    Info: Processing ended: Mon Jan 20 13:01:53 2020
    Info: Elapsed time: 00:00:01
    Info: Total CPU time (on all processors): 00:00:00


