Simulator report for part6
Mon Jan 27 23:22:18 2020
Quartus II Version 9.1 Build 350 03/24/2010 Service Pack 2 SJ Web Edition


---------------------
; Table of Contents ;
---------------------
  1. Legal Notice
  2. Simulator Summary
  3. Simulator Settings
  4. Simulation Waveforms
  5. Coverage Summary
  6. Complete 1/0-Value Coverage
  7. Missing 1-Value Coverage
  8. Missing 0-Value Coverage
  9. Simulator INI Usage
 10. Simulator Messages



----------------
; Legal Notice ;
----------------
Copyright (C) 1991-2010 Altera Corporation
Your use of Altera Corporation's design tools, logic functions 
and other software and tools, and its AMPP partner logic 
functions, and any output files from any of the foregoing 
(including device programming or simulation files), and any 
associated documentation or information are expressly subject 
to the terms and conditions of the Altera Program License 
Subscription Agreement, Altera MegaCore Function License 
Agreement, or other applicable license agreement, including, 
without limitation, that your use is for the sole purpose of 
programming logic devices manufactured by Altera and sold by 
Altera or its authorized distributors.  Please refer to the 
applicable agreement for further details.



+--------------------------------------------+
; Simulator Summary                          ;
+-----------------------------+--------------+
; Type                        ; Value        ;
+-----------------------------+--------------+
; Simulation Start Time       ; 0 ps         ;
; Simulation End Time         ; 1.0 us       ;
; Simulation Netlist Size     ; 334 nodes    ;
; Simulation Coverage         ;      82.88 % ;
; Total Number of Transitions ; 2196         ;
; Simulation Breakpoints      ; 0            ;
; Family                      ; Cyclone II   ;
+-----------------------------+--------------+


+-------------------------------------------------------------------------------------------------------------------------+
; Simulator Settings                                                                                                      ;
+--------------------------------------------------------------------------------------------+------------+---------------+
; Option                                                                                     ; Setting    ; Default Value ;
+--------------------------------------------------------------------------------------------+------------+---------------+
; Simulation mode                                                                            ; Functional ; Timing        ;
; Start time                                                                                 ; 0 ns       ; 0 ns          ;
; Simulation results format                                                                  ; CVWF       ;               ;
; Vector input source                                                                        ; part6.vwf  ;               ;
; Add pins automatically to simulation output waveforms                                      ; On         ; On            ;
; Check outputs                                                                              ; Off        ; Off           ;
; Report simulation coverage                                                                 ; On         ; On            ;
; Display complete 1/0 value coverage report                                                 ; On         ; On            ;
; Display missing 1-value coverage report                                                    ; On         ; On            ;
; Display missing 0-value coverage report                                                    ; On         ; On            ;
; Detect setup and hold time violations                                                      ; Off        ; Off           ;
; Detect glitches                                                                            ; Off        ; Off           ;
; Disable timing delays in Timing Simulation                                                 ; Off        ; Off           ;
; Generate Signal Activity File                                                              ; Off        ; Off           ;
; Generate VCD File for PowerPlay Power Analyzer                                             ; Off        ; Off           ;
; Group bus channels in simulation results                                                   ; Off        ; Off           ;
; Preserve fewer signal transitions to reduce memory requirements                            ; On         ; On            ;
; Trigger vector comparison with the specified mode                                          ; INPUT_EDGE ; INPUT_EDGE    ;
; Disable setup and hold time violations detection in input registers of bi-directional pins ; Off        ; Off           ;
; Overwrite Waveform Inputs With Simulation Outputs                                          ; Off        ;               ;
; Perform Glitch Filtering in Timing Simulation                                              ; Auto       ; Auto          ;
+--------------------------------------------------------------------------------------------+------------+---------------+


+----------------------+
; Simulation Waveforms ;
+----------------------+
Waveform report data cannot be output to ASCII.
Please use Quartus II to view the waveform report data.


+--------------------------------------------------------------------+
; Coverage Summary                                                   ;
+-----------------------------------------------------+--------------+
; Type                                                ; Value        ;
+-----------------------------------------------------+--------------+
; Total coverage as a percentage                      ;      82.88 % ;
; Total nodes checked                                 ; 334          ;
; Total output ports checked                          ; 333          ;
; Total output ports with complete 1/0-value coverage ; 276          ;
; Total output ports with no 1/0-value coverage       ; 56           ;
; Total output ports with no 1-value coverage         ; 57           ;
; Total output ports with no 0-value coverage         ; 56           ;
+-----------------------------------------------------+--------------+


The following table displays output ports that toggle between 1 and 0 during simulation.
+----------------------------------------------------------------------------------------------------------------------------------------------+
; Complete 1/0-Value Coverage                                                                                                                  ;
+-------------------------------------------------------------+-------------------------------------------------------------+------------------+
; Node Name                                                   ; Output Port Name                                            ; Output Port Type ;
+-------------------------------------------------------------+-------------------------------------------------------------+------------------+
; |part6|count~0                                              ; |part6|count~0                                              ; out0             ;
; |part6|counter[1]                                           ; |part6|counter[1]                                           ; regout           ;
; |part6|right_s                                              ; |part6|right_s                                              ; out              ;
; |part6|left_s                                               ; |part6|left_s                                               ; out              ;
; |part6|hazard                                               ; |part6|hazard                                               ; out              ;
; |part6|clk                                                  ; |part6|clk                                                  ; out              ;
; |part6|D_out[0]                                             ; |part6|D_out[0]                                             ; pin_out          ;
; |part6|D_out[1]                                             ; |part6|D_out[1]                                             ; pin_out          ;
; |part6|D_out[2]                                             ; |part6|D_out[2]                                             ; pin_out          ;
; |part6|D_out[3]                                             ; |part6|D_out[3]                                             ; pin_out          ;
; |part6|D_out[4]                                             ; |part6|D_out[4]                                             ; pin_out          ;
; |part6|D_out[5]                                             ; |part6|D_out[5]                                             ; pin_out          ;
; |part6|Add0~0                                               ; |part6|Add0~0                                               ; out0             ;
; |part6|Equal0~0                                             ; |part6|Equal0~0                                             ; out0             ;
; |part6|lpm_mux:Mux7|mux_3nc:auto_generated|_~0              ; |part6|lpm_mux:Mux7|mux_3nc:auto_generated|_~0              ; out0             ;
; |part6|lpm_mux:Mux7|mux_3nc:auto_generated|_~1              ; |part6|lpm_mux:Mux7|mux_3nc:auto_generated|_~1              ; out0             ;
; |part6|lpm_mux:Mux7|mux_3nc:auto_generated|_~2              ; |part6|lpm_mux:Mux7|mux_3nc:auto_generated|_~2              ; out0             ;
; |part6|lpm_mux:Mux7|mux_3nc:auto_generated|_~3              ; |part6|lpm_mux:Mux7|mux_3nc:auto_generated|_~3              ; out0             ;
; |part6|lpm_mux:Mux7|mux_3nc:auto_generated|_~4              ; |part6|lpm_mux:Mux7|mux_3nc:auto_generated|_~4              ; out0             ;
; |part6|lpm_mux:Mux7|mux_3nc:auto_generated|_~5              ; |part6|lpm_mux:Mux7|mux_3nc:auto_generated|_~5              ; out0             ;
; |part6|lpm_mux:Mux7|mux_3nc:auto_generated|_~6              ; |part6|lpm_mux:Mux7|mux_3nc:auto_generated|_~6              ; out0             ;
; |part6|lpm_mux:Mux7|mux_3nc:auto_generated|_~7              ; |part6|lpm_mux:Mux7|mux_3nc:auto_generated|_~7              ; out0             ;
; |part6|lpm_mux:Mux7|mux_3nc:auto_generated|_~8              ; |part6|lpm_mux:Mux7|mux_3nc:auto_generated|_~8              ; out0             ;
; |part6|lpm_mux:Mux7|mux_3nc:auto_generated|_~9              ; |part6|lpm_mux:Mux7|mux_3nc:auto_generated|_~9              ; out0             ;
; |part6|lpm_mux:Mux7|mux_3nc:auto_generated|_~10             ; |part6|lpm_mux:Mux7|mux_3nc:auto_generated|_~10             ; out0             ;
; |part6|lpm_mux:Mux7|mux_3nc:auto_generated|_~11             ; |part6|lpm_mux:Mux7|mux_3nc:auto_generated|_~11             ; out0             ;
; |part6|lpm_mux:Mux7|mux_3nc:auto_generated|_~12             ; |part6|lpm_mux:Mux7|mux_3nc:auto_generated|_~12             ; out0             ;
; |part6|lpm_mux:Mux7|mux_3nc:auto_generated|_~13             ; |part6|lpm_mux:Mux7|mux_3nc:auto_generated|_~13             ; out0             ;
; |part6|lpm_mux:Mux7|mux_3nc:auto_generated|_~14             ; |part6|lpm_mux:Mux7|mux_3nc:auto_generated|_~14             ; out0             ;
; |part6|lpm_mux:Mux7|mux_3nc:auto_generated|_~15             ; |part6|lpm_mux:Mux7|mux_3nc:auto_generated|_~15             ; out0             ;
; |part6|lpm_mux:Mux7|mux_3nc:auto_generated|_~16             ; |part6|lpm_mux:Mux7|mux_3nc:auto_generated|_~16             ; out0             ;
; |part6|lpm_mux:Mux7|mux_3nc:auto_generated|_~17             ; |part6|lpm_mux:Mux7|mux_3nc:auto_generated|_~17             ; out0             ;
; |part6|lpm_mux:Mux7|mux_3nc:auto_generated|_~19             ; |part6|lpm_mux:Mux7|mux_3nc:auto_generated|_~19             ; out0             ;
; |part6|lpm_mux:Mux7|mux_3nc:auto_generated|_~20             ; |part6|lpm_mux:Mux7|mux_3nc:auto_generated|_~20             ; out0             ;
; |part6|lpm_mux:Mux7|mux_3nc:auto_generated|result_node[0]~0 ; |part6|lpm_mux:Mux7|mux_3nc:auto_generated|result_node[0]~0 ; out0             ;
; |part6|lpm_mux:Mux7|mux_3nc:auto_generated|_~21             ; |part6|lpm_mux:Mux7|mux_3nc:auto_generated|_~21             ; out0             ;
; |part6|lpm_mux:Mux7|mux_3nc:auto_generated|_~23             ; |part6|lpm_mux:Mux7|mux_3nc:auto_generated|_~23             ; out0             ;
; |part6|lpm_mux:Mux7|mux_3nc:auto_generated|_~25             ; |part6|lpm_mux:Mux7|mux_3nc:auto_generated|_~25             ; out0             ;
; |part6|lpm_mux:Mux7|mux_3nc:auto_generated|_~27             ; |part6|lpm_mux:Mux7|mux_3nc:auto_generated|_~27             ; out0             ;
; |part6|lpm_mux:Mux7|mux_3nc:auto_generated|_~28             ; |part6|lpm_mux:Mux7|mux_3nc:auto_generated|_~28             ; out0             ;
; |part6|lpm_mux:Mux7|mux_3nc:auto_generated|_~29             ; |part6|lpm_mux:Mux7|mux_3nc:auto_generated|_~29             ; out0             ;
; |part6|lpm_mux:Mux7|mux_3nc:auto_generated|_~30             ; |part6|lpm_mux:Mux7|mux_3nc:auto_generated|_~30             ; out0             ;
; |part6|lpm_mux:Mux7|mux_3nc:auto_generated|_~32             ; |part6|lpm_mux:Mux7|mux_3nc:auto_generated|_~32             ; out0             ;
; |part6|lpm_mux:Mux7|mux_3nc:auto_generated|_~34             ; |part6|lpm_mux:Mux7|mux_3nc:auto_generated|_~34             ; out0             ;
; |part6|lpm_mux:Mux7|mux_3nc:auto_generated|_~36             ; |part6|lpm_mux:Mux7|mux_3nc:auto_generated|_~36             ; out0             ;
; |part6|lpm_mux:Mux7|mux_3nc:auto_generated|_~37             ; |part6|lpm_mux:Mux7|mux_3nc:auto_generated|_~37             ; out0             ;
; |part6|lpm_mux:Mux7|mux_3nc:auto_generated|_~38             ; |part6|lpm_mux:Mux7|mux_3nc:auto_generated|_~38             ; out0             ;
; |part6|lpm_mux:Mux7|mux_3nc:auto_generated|_~39             ; |part6|lpm_mux:Mux7|mux_3nc:auto_generated|_~39             ; out0             ;
; |part6|lpm_mux:Mux7|mux_3nc:auto_generated|_~41             ; |part6|lpm_mux:Mux7|mux_3nc:auto_generated|_~41             ; out0             ;
; |part6|lpm_mux:Mux7|mux_3nc:auto_generated|_~42             ; |part6|lpm_mux:Mux7|mux_3nc:auto_generated|_~42             ; out0             ;
; |part6|lpm_mux:Mux7|mux_3nc:auto_generated|result_node[0]~1 ; |part6|lpm_mux:Mux7|mux_3nc:auto_generated|result_node[0]~1 ; out0             ;
; |part6|lpm_mux:Mux7|mux_3nc:auto_generated|result_node[0]   ; |part6|lpm_mux:Mux7|mux_3nc:auto_generated|result_node[0]   ; out0             ;
; |part6|lpm_mux:Mux6|mux_3nc:auto_generated|_~0              ; |part6|lpm_mux:Mux6|mux_3nc:auto_generated|_~0              ; out0             ;
; |part6|lpm_mux:Mux6|mux_3nc:auto_generated|_~1              ; |part6|lpm_mux:Mux6|mux_3nc:auto_generated|_~1              ; out0             ;
; |part6|lpm_mux:Mux6|mux_3nc:auto_generated|_~2              ; |part6|lpm_mux:Mux6|mux_3nc:auto_generated|_~2              ; out0             ;
; |part6|lpm_mux:Mux6|mux_3nc:auto_generated|_~3              ; |part6|lpm_mux:Mux6|mux_3nc:auto_generated|_~3              ; out0             ;
; |part6|lpm_mux:Mux6|mux_3nc:auto_generated|_~4              ; |part6|lpm_mux:Mux6|mux_3nc:auto_generated|_~4              ; out0             ;
; |part6|lpm_mux:Mux6|mux_3nc:auto_generated|_~5              ; |part6|lpm_mux:Mux6|mux_3nc:auto_generated|_~5              ; out0             ;
; |part6|lpm_mux:Mux6|mux_3nc:auto_generated|_~6              ; |part6|lpm_mux:Mux6|mux_3nc:auto_generated|_~6              ; out0             ;
; |part6|lpm_mux:Mux6|mux_3nc:auto_generated|_~7              ; |part6|lpm_mux:Mux6|mux_3nc:auto_generated|_~7              ; out0             ;
; |part6|lpm_mux:Mux6|mux_3nc:auto_generated|_~8              ; |part6|lpm_mux:Mux6|mux_3nc:auto_generated|_~8              ; out0             ;
; |part6|lpm_mux:Mux6|mux_3nc:auto_generated|_~9              ; |part6|lpm_mux:Mux6|mux_3nc:auto_generated|_~9              ; out0             ;
; |part6|lpm_mux:Mux6|mux_3nc:auto_generated|_~10             ; |part6|lpm_mux:Mux6|mux_3nc:auto_generated|_~10             ; out0             ;
; |part6|lpm_mux:Mux6|mux_3nc:auto_generated|_~11             ; |part6|lpm_mux:Mux6|mux_3nc:auto_generated|_~11             ; out0             ;
; |part6|lpm_mux:Mux6|mux_3nc:auto_generated|_~12             ; |part6|lpm_mux:Mux6|mux_3nc:auto_generated|_~12             ; out0             ;
; |part6|lpm_mux:Mux6|mux_3nc:auto_generated|_~13             ; |part6|lpm_mux:Mux6|mux_3nc:auto_generated|_~13             ; out0             ;
; |part6|lpm_mux:Mux6|mux_3nc:auto_generated|_~14             ; |part6|lpm_mux:Mux6|mux_3nc:auto_generated|_~14             ; out0             ;
; |part6|lpm_mux:Mux6|mux_3nc:auto_generated|_~15             ; |part6|lpm_mux:Mux6|mux_3nc:auto_generated|_~15             ; out0             ;
; |part6|lpm_mux:Mux6|mux_3nc:auto_generated|_~16             ; |part6|lpm_mux:Mux6|mux_3nc:auto_generated|_~16             ; out0             ;
; |part6|lpm_mux:Mux6|mux_3nc:auto_generated|_~17             ; |part6|lpm_mux:Mux6|mux_3nc:auto_generated|_~17             ; out0             ;
; |part6|lpm_mux:Mux6|mux_3nc:auto_generated|_~19             ; |part6|lpm_mux:Mux6|mux_3nc:auto_generated|_~19             ; out0             ;
; |part6|lpm_mux:Mux6|mux_3nc:auto_generated|_~20             ; |part6|lpm_mux:Mux6|mux_3nc:auto_generated|_~20             ; out0             ;
; |part6|lpm_mux:Mux6|mux_3nc:auto_generated|result_node[0]~0 ; |part6|lpm_mux:Mux6|mux_3nc:auto_generated|result_node[0]~0 ; out0             ;
; |part6|lpm_mux:Mux6|mux_3nc:auto_generated|_~21             ; |part6|lpm_mux:Mux6|mux_3nc:auto_generated|_~21             ; out0             ;
; |part6|lpm_mux:Mux6|mux_3nc:auto_generated|_~23             ; |part6|lpm_mux:Mux6|mux_3nc:auto_generated|_~23             ; out0             ;
; |part6|lpm_mux:Mux6|mux_3nc:auto_generated|_~25             ; |part6|lpm_mux:Mux6|mux_3nc:auto_generated|_~25             ; out0             ;
; |part6|lpm_mux:Mux6|mux_3nc:auto_generated|_~27             ; |part6|lpm_mux:Mux6|mux_3nc:auto_generated|_~27             ; out0             ;
; |part6|lpm_mux:Mux6|mux_3nc:auto_generated|_~28             ; |part6|lpm_mux:Mux6|mux_3nc:auto_generated|_~28             ; out0             ;
; |part6|lpm_mux:Mux6|mux_3nc:auto_generated|_~29             ; |part6|lpm_mux:Mux6|mux_3nc:auto_generated|_~29             ; out0             ;
; |part6|lpm_mux:Mux6|mux_3nc:auto_generated|_~30             ; |part6|lpm_mux:Mux6|mux_3nc:auto_generated|_~30             ; out0             ;
; |part6|lpm_mux:Mux6|mux_3nc:auto_generated|_~32             ; |part6|lpm_mux:Mux6|mux_3nc:auto_generated|_~32             ; out0             ;
; |part6|lpm_mux:Mux6|mux_3nc:auto_generated|_~34             ; |part6|lpm_mux:Mux6|mux_3nc:auto_generated|_~34             ; out0             ;
; |part6|lpm_mux:Mux6|mux_3nc:auto_generated|_~36             ; |part6|lpm_mux:Mux6|mux_3nc:auto_generated|_~36             ; out0             ;
; |part6|lpm_mux:Mux6|mux_3nc:auto_generated|_~37             ; |part6|lpm_mux:Mux6|mux_3nc:auto_generated|_~37             ; out0             ;
; |part6|lpm_mux:Mux6|mux_3nc:auto_generated|_~38             ; |part6|lpm_mux:Mux6|mux_3nc:auto_generated|_~38             ; out0             ;
; |part6|lpm_mux:Mux6|mux_3nc:auto_generated|_~39             ; |part6|lpm_mux:Mux6|mux_3nc:auto_generated|_~39             ; out0             ;
; |part6|lpm_mux:Mux6|mux_3nc:auto_generated|_~41             ; |part6|lpm_mux:Mux6|mux_3nc:auto_generated|_~41             ; out0             ;
; |part6|lpm_mux:Mux6|mux_3nc:auto_generated|_~42             ; |part6|lpm_mux:Mux6|mux_3nc:auto_generated|_~42             ; out0             ;
; |part6|lpm_mux:Mux6|mux_3nc:auto_generated|result_node[0]~1 ; |part6|lpm_mux:Mux6|mux_3nc:auto_generated|result_node[0]~1 ; out0             ;
; |part6|lpm_mux:Mux6|mux_3nc:auto_generated|result_node[0]   ; |part6|lpm_mux:Mux6|mux_3nc:auto_generated|result_node[0]   ; out0             ;
; |part6|lpm_mux:Mux5|mux_3nc:auto_generated|_~0              ; |part6|lpm_mux:Mux5|mux_3nc:auto_generated|_~0              ; out0             ;
; |part6|lpm_mux:Mux5|mux_3nc:auto_generated|_~1              ; |part6|lpm_mux:Mux5|mux_3nc:auto_generated|_~1              ; out0             ;
; |part6|lpm_mux:Mux5|mux_3nc:auto_generated|_~2              ; |part6|lpm_mux:Mux5|mux_3nc:auto_generated|_~2              ; out0             ;
; |part6|lpm_mux:Mux5|mux_3nc:auto_generated|_~3              ; |part6|lpm_mux:Mux5|mux_3nc:auto_generated|_~3              ; out0             ;
; |part6|lpm_mux:Mux5|mux_3nc:auto_generated|_~4              ; |part6|lpm_mux:Mux5|mux_3nc:auto_generated|_~4              ; out0             ;
; |part6|lpm_mux:Mux5|mux_3nc:auto_generated|_~5              ; |part6|lpm_mux:Mux5|mux_3nc:auto_generated|_~5              ; out0             ;
; |part6|lpm_mux:Mux5|mux_3nc:auto_generated|_~6              ; |part6|lpm_mux:Mux5|mux_3nc:auto_generated|_~6              ; out0             ;
; |part6|lpm_mux:Mux5|mux_3nc:auto_generated|_~7              ; |part6|lpm_mux:Mux5|mux_3nc:auto_generated|_~7              ; out0             ;
; |part6|lpm_mux:Mux5|mux_3nc:auto_generated|_~8              ; |part6|lpm_mux:Mux5|mux_3nc:auto_generated|_~8              ; out0             ;
; |part6|lpm_mux:Mux5|mux_3nc:auto_generated|_~9              ; |part6|lpm_mux:Mux5|mux_3nc:auto_generated|_~9              ; out0             ;
; |part6|lpm_mux:Mux5|mux_3nc:auto_generated|_~10             ; |part6|lpm_mux:Mux5|mux_3nc:auto_generated|_~10             ; out0             ;
; |part6|lpm_mux:Mux5|mux_3nc:auto_generated|_~11             ; |part6|lpm_mux:Mux5|mux_3nc:auto_generated|_~11             ; out0             ;
; |part6|lpm_mux:Mux5|mux_3nc:auto_generated|_~12             ; |part6|lpm_mux:Mux5|mux_3nc:auto_generated|_~12             ; out0             ;
; |part6|lpm_mux:Mux5|mux_3nc:auto_generated|_~13             ; |part6|lpm_mux:Mux5|mux_3nc:auto_generated|_~13             ; out0             ;
; |part6|lpm_mux:Mux5|mux_3nc:auto_generated|_~14             ; |part6|lpm_mux:Mux5|mux_3nc:auto_generated|_~14             ; out0             ;
; |part6|lpm_mux:Mux5|mux_3nc:auto_generated|_~15             ; |part6|lpm_mux:Mux5|mux_3nc:auto_generated|_~15             ; out0             ;
; |part6|lpm_mux:Mux5|mux_3nc:auto_generated|_~16             ; |part6|lpm_mux:Mux5|mux_3nc:auto_generated|_~16             ; out0             ;
; |part6|lpm_mux:Mux5|mux_3nc:auto_generated|_~17             ; |part6|lpm_mux:Mux5|mux_3nc:auto_generated|_~17             ; out0             ;
; |part6|lpm_mux:Mux5|mux_3nc:auto_generated|_~19             ; |part6|lpm_mux:Mux5|mux_3nc:auto_generated|_~19             ; out0             ;
; |part6|lpm_mux:Mux5|mux_3nc:auto_generated|_~20             ; |part6|lpm_mux:Mux5|mux_3nc:auto_generated|_~20             ; out0             ;
; |part6|lpm_mux:Mux5|mux_3nc:auto_generated|result_node[0]~0 ; |part6|lpm_mux:Mux5|mux_3nc:auto_generated|result_node[0]~0 ; out0             ;
; |part6|lpm_mux:Mux5|mux_3nc:auto_generated|_~21             ; |part6|lpm_mux:Mux5|mux_3nc:auto_generated|_~21             ; out0             ;
; |part6|lpm_mux:Mux5|mux_3nc:auto_generated|_~23             ; |part6|lpm_mux:Mux5|mux_3nc:auto_generated|_~23             ; out0             ;
; |part6|lpm_mux:Mux5|mux_3nc:auto_generated|_~25             ; |part6|lpm_mux:Mux5|mux_3nc:auto_generated|_~25             ; out0             ;
; |part6|lpm_mux:Mux5|mux_3nc:auto_generated|_~27             ; |part6|lpm_mux:Mux5|mux_3nc:auto_generated|_~27             ; out0             ;
; |part6|lpm_mux:Mux5|mux_3nc:auto_generated|_~28             ; |part6|lpm_mux:Mux5|mux_3nc:auto_generated|_~28             ; out0             ;
; |part6|lpm_mux:Mux5|mux_3nc:auto_generated|_~29             ; |part6|lpm_mux:Mux5|mux_3nc:auto_generated|_~29             ; out0             ;
; |part6|lpm_mux:Mux5|mux_3nc:auto_generated|_~30             ; |part6|lpm_mux:Mux5|mux_3nc:auto_generated|_~30             ; out0             ;
; |part6|lpm_mux:Mux5|mux_3nc:auto_generated|_~32             ; |part6|lpm_mux:Mux5|mux_3nc:auto_generated|_~32             ; out0             ;
; |part6|lpm_mux:Mux5|mux_3nc:auto_generated|_~34             ; |part6|lpm_mux:Mux5|mux_3nc:auto_generated|_~34             ; out0             ;
; |part6|lpm_mux:Mux5|mux_3nc:auto_generated|_~36             ; |part6|lpm_mux:Mux5|mux_3nc:auto_generated|_~36             ; out0             ;
; |part6|lpm_mux:Mux5|mux_3nc:auto_generated|_~37             ; |part6|lpm_mux:Mux5|mux_3nc:auto_generated|_~37             ; out0             ;
; |part6|lpm_mux:Mux5|mux_3nc:auto_generated|_~38             ; |part6|lpm_mux:Mux5|mux_3nc:auto_generated|_~38             ; out0             ;
; |part6|lpm_mux:Mux5|mux_3nc:auto_generated|_~39             ; |part6|lpm_mux:Mux5|mux_3nc:auto_generated|_~39             ; out0             ;
; |part6|lpm_mux:Mux5|mux_3nc:auto_generated|_~41             ; |part6|lpm_mux:Mux5|mux_3nc:auto_generated|_~41             ; out0             ;
; |part6|lpm_mux:Mux5|mux_3nc:auto_generated|_~42             ; |part6|lpm_mux:Mux5|mux_3nc:auto_generated|_~42             ; out0             ;
; |part6|lpm_mux:Mux5|mux_3nc:auto_generated|result_node[0]~1 ; |part6|lpm_mux:Mux5|mux_3nc:auto_generated|result_node[0]~1 ; out0             ;
; |part6|lpm_mux:Mux5|mux_3nc:auto_generated|result_node[0]   ; |part6|lpm_mux:Mux5|mux_3nc:auto_generated|result_node[0]   ; out0             ;
; |part6|lpm_mux:Mux4|mux_3nc:auto_generated|_~0              ; |part6|lpm_mux:Mux4|mux_3nc:auto_generated|_~0              ; out0             ;
; |part6|lpm_mux:Mux4|mux_3nc:auto_generated|_~1              ; |part6|lpm_mux:Mux4|mux_3nc:auto_generated|_~1              ; out0             ;
; |part6|lpm_mux:Mux4|mux_3nc:auto_generated|_~2              ; |part6|lpm_mux:Mux4|mux_3nc:auto_generated|_~2              ; out0             ;
; |part6|lpm_mux:Mux4|mux_3nc:auto_generated|_~3              ; |part6|lpm_mux:Mux4|mux_3nc:auto_generated|_~3              ; out0             ;
; |part6|lpm_mux:Mux4|mux_3nc:auto_generated|_~4              ; |part6|lpm_mux:Mux4|mux_3nc:auto_generated|_~4              ; out0             ;
; |part6|lpm_mux:Mux4|mux_3nc:auto_generated|_~5              ; |part6|lpm_mux:Mux4|mux_3nc:auto_generated|_~5              ; out0             ;
; |part6|lpm_mux:Mux4|mux_3nc:auto_generated|_~6              ; |part6|lpm_mux:Mux4|mux_3nc:auto_generated|_~6              ; out0             ;
; |part6|lpm_mux:Mux4|mux_3nc:auto_generated|_~7              ; |part6|lpm_mux:Mux4|mux_3nc:auto_generated|_~7              ; out0             ;
; |part6|lpm_mux:Mux4|mux_3nc:auto_generated|_~8              ; |part6|lpm_mux:Mux4|mux_3nc:auto_generated|_~8              ; out0             ;
; |part6|lpm_mux:Mux4|mux_3nc:auto_generated|_~9              ; |part6|lpm_mux:Mux4|mux_3nc:auto_generated|_~9              ; out0             ;
; |part6|lpm_mux:Mux4|mux_3nc:auto_generated|_~10             ; |part6|lpm_mux:Mux4|mux_3nc:auto_generated|_~10             ; out0             ;
; |part6|lpm_mux:Mux4|mux_3nc:auto_generated|_~11             ; |part6|lpm_mux:Mux4|mux_3nc:auto_generated|_~11             ; out0             ;
; |part6|lpm_mux:Mux4|mux_3nc:auto_generated|_~12             ; |part6|lpm_mux:Mux4|mux_3nc:auto_generated|_~12             ; out0             ;
; |part6|lpm_mux:Mux4|mux_3nc:auto_generated|_~13             ; |part6|lpm_mux:Mux4|mux_3nc:auto_generated|_~13             ; out0             ;
; |part6|lpm_mux:Mux4|mux_3nc:auto_generated|_~14             ; |part6|lpm_mux:Mux4|mux_3nc:auto_generated|_~14             ; out0             ;
; |part6|lpm_mux:Mux4|mux_3nc:auto_generated|_~15             ; |part6|lpm_mux:Mux4|mux_3nc:auto_generated|_~15             ; out0             ;
; |part6|lpm_mux:Mux4|mux_3nc:auto_generated|_~16             ; |part6|lpm_mux:Mux4|mux_3nc:auto_generated|_~16             ; out0             ;
; |part6|lpm_mux:Mux4|mux_3nc:auto_generated|_~17             ; |part6|lpm_mux:Mux4|mux_3nc:auto_generated|_~17             ; out0             ;
; |part6|lpm_mux:Mux4|mux_3nc:auto_generated|_~19             ; |part6|lpm_mux:Mux4|mux_3nc:auto_generated|_~19             ; out0             ;
; |part6|lpm_mux:Mux4|mux_3nc:auto_generated|_~20             ; |part6|lpm_mux:Mux4|mux_3nc:auto_generated|_~20             ; out0             ;
; |part6|lpm_mux:Mux4|mux_3nc:auto_generated|result_node[0]~0 ; |part6|lpm_mux:Mux4|mux_3nc:auto_generated|result_node[0]~0 ; out0             ;
; |part6|lpm_mux:Mux4|mux_3nc:auto_generated|_~21             ; |part6|lpm_mux:Mux4|mux_3nc:auto_generated|_~21             ; out0             ;
; |part6|lpm_mux:Mux4|mux_3nc:auto_generated|_~22             ; |part6|lpm_mux:Mux4|mux_3nc:auto_generated|_~22             ; out0             ;
; |part6|lpm_mux:Mux4|mux_3nc:auto_generated|_~23             ; |part6|lpm_mux:Mux4|mux_3nc:auto_generated|_~23             ; out0             ;
; |part6|lpm_mux:Mux4|mux_3nc:auto_generated|_~25             ; |part6|lpm_mux:Mux4|mux_3nc:auto_generated|_~25             ; out0             ;
; |part6|lpm_mux:Mux4|mux_3nc:auto_generated|_~27             ; |part6|lpm_mux:Mux4|mux_3nc:auto_generated|_~27             ; out0             ;
; |part6|lpm_mux:Mux4|mux_3nc:auto_generated|_~28             ; |part6|lpm_mux:Mux4|mux_3nc:auto_generated|_~28             ; out0             ;
; |part6|lpm_mux:Mux4|mux_3nc:auto_generated|_~29             ; |part6|lpm_mux:Mux4|mux_3nc:auto_generated|_~29             ; out0             ;
; |part6|lpm_mux:Mux4|mux_3nc:auto_generated|_~30             ; |part6|lpm_mux:Mux4|mux_3nc:auto_generated|_~30             ; out0             ;
; |part6|lpm_mux:Mux4|mux_3nc:auto_generated|_~31             ; |part6|lpm_mux:Mux4|mux_3nc:auto_generated|_~31             ; out0             ;
; |part6|lpm_mux:Mux4|mux_3nc:auto_generated|_~32             ; |part6|lpm_mux:Mux4|mux_3nc:auto_generated|_~32             ; out0             ;
; |part6|lpm_mux:Mux4|mux_3nc:auto_generated|_~34             ; |part6|lpm_mux:Mux4|mux_3nc:auto_generated|_~34             ; out0             ;
; |part6|lpm_mux:Mux4|mux_3nc:auto_generated|_~36             ; |part6|lpm_mux:Mux4|mux_3nc:auto_generated|_~36             ; out0             ;
; |part6|lpm_mux:Mux4|mux_3nc:auto_generated|_~37             ; |part6|lpm_mux:Mux4|mux_3nc:auto_generated|_~37             ; out0             ;
; |part6|lpm_mux:Mux4|mux_3nc:auto_generated|_~38             ; |part6|lpm_mux:Mux4|mux_3nc:auto_generated|_~38             ; out0             ;
; |part6|lpm_mux:Mux4|mux_3nc:auto_generated|_~39             ; |part6|lpm_mux:Mux4|mux_3nc:auto_generated|_~39             ; out0             ;
; |part6|lpm_mux:Mux4|mux_3nc:auto_generated|_~41             ; |part6|lpm_mux:Mux4|mux_3nc:auto_generated|_~41             ; out0             ;
; |part6|lpm_mux:Mux4|mux_3nc:auto_generated|_~42             ; |part6|lpm_mux:Mux4|mux_3nc:auto_generated|_~42             ; out0             ;
; |part6|lpm_mux:Mux4|mux_3nc:auto_generated|result_node[0]~1 ; |part6|lpm_mux:Mux4|mux_3nc:auto_generated|result_node[0]~1 ; out0             ;
; |part6|lpm_mux:Mux4|mux_3nc:auto_generated|result_node[0]   ; |part6|lpm_mux:Mux4|mux_3nc:auto_generated|result_node[0]   ; out0             ;
; |part6|lpm_mux:Mux3|mux_3nc:auto_generated|_~0              ; |part6|lpm_mux:Mux3|mux_3nc:auto_generated|_~0              ; out0             ;
; |part6|lpm_mux:Mux3|mux_3nc:auto_generated|_~1              ; |part6|lpm_mux:Mux3|mux_3nc:auto_generated|_~1              ; out0             ;
; |part6|lpm_mux:Mux3|mux_3nc:auto_generated|_~2              ; |part6|lpm_mux:Mux3|mux_3nc:auto_generated|_~2              ; out0             ;
; |part6|lpm_mux:Mux3|mux_3nc:auto_generated|_~3              ; |part6|lpm_mux:Mux3|mux_3nc:auto_generated|_~3              ; out0             ;
; |part6|lpm_mux:Mux3|mux_3nc:auto_generated|_~4              ; |part6|lpm_mux:Mux3|mux_3nc:auto_generated|_~4              ; out0             ;
; |part6|lpm_mux:Mux3|mux_3nc:auto_generated|_~5              ; |part6|lpm_mux:Mux3|mux_3nc:auto_generated|_~5              ; out0             ;
; |part6|lpm_mux:Mux3|mux_3nc:auto_generated|_~6              ; |part6|lpm_mux:Mux3|mux_3nc:auto_generated|_~6              ; out0             ;
; |part6|lpm_mux:Mux3|mux_3nc:auto_generated|_~7              ; |part6|lpm_mux:Mux3|mux_3nc:auto_generated|_~7              ; out0             ;
; |part6|lpm_mux:Mux3|mux_3nc:auto_generated|_~8              ; |part6|lpm_mux:Mux3|mux_3nc:auto_generated|_~8              ; out0             ;
; |part6|lpm_mux:Mux3|mux_3nc:auto_generated|_~9              ; |part6|lpm_mux:Mux3|mux_3nc:auto_generated|_~9              ; out0             ;
; |part6|lpm_mux:Mux3|mux_3nc:auto_generated|_~10             ; |part6|lpm_mux:Mux3|mux_3nc:auto_generated|_~10             ; out0             ;
; |part6|lpm_mux:Mux3|mux_3nc:auto_generated|_~11             ; |part6|lpm_mux:Mux3|mux_3nc:auto_generated|_~11             ; out0             ;
; |part6|lpm_mux:Mux3|mux_3nc:auto_generated|_~12             ; |part6|lpm_mux:Mux3|mux_3nc:auto_generated|_~12             ; out0             ;
; |part6|lpm_mux:Mux3|mux_3nc:auto_generated|_~13             ; |part6|lpm_mux:Mux3|mux_3nc:auto_generated|_~13             ; out0             ;
; |part6|lpm_mux:Mux3|mux_3nc:auto_generated|_~14             ; |part6|lpm_mux:Mux3|mux_3nc:auto_generated|_~14             ; out0             ;
; |part6|lpm_mux:Mux3|mux_3nc:auto_generated|_~15             ; |part6|lpm_mux:Mux3|mux_3nc:auto_generated|_~15             ; out0             ;
; |part6|lpm_mux:Mux3|mux_3nc:auto_generated|_~16             ; |part6|lpm_mux:Mux3|mux_3nc:auto_generated|_~16             ; out0             ;
; |part6|lpm_mux:Mux3|mux_3nc:auto_generated|_~17             ; |part6|lpm_mux:Mux3|mux_3nc:auto_generated|_~17             ; out0             ;
; |part6|lpm_mux:Mux3|mux_3nc:auto_generated|_~19             ; |part6|lpm_mux:Mux3|mux_3nc:auto_generated|_~19             ; out0             ;
; |part6|lpm_mux:Mux3|mux_3nc:auto_generated|_~20             ; |part6|lpm_mux:Mux3|mux_3nc:auto_generated|_~20             ; out0             ;
; |part6|lpm_mux:Mux3|mux_3nc:auto_generated|result_node[0]~0 ; |part6|lpm_mux:Mux3|mux_3nc:auto_generated|result_node[0]~0 ; out0             ;
; |part6|lpm_mux:Mux3|mux_3nc:auto_generated|_~21             ; |part6|lpm_mux:Mux3|mux_3nc:auto_generated|_~21             ; out0             ;
; |part6|lpm_mux:Mux3|mux_3nc:auto_generated|_~22             ; |part6|lpm_mux:Mux3|mux_3nc:auto_generated|_~22             ; out0             ;
; |part6|lpm_mux:Mux3|mux_3nc:auto_generated|_~23             ; |part6|lpm_mux:Mux3|mux_3nc:auto_generated|_~23             ; out0             ;
; |part6|lpm_mux:Mux3|mux_3nc:auto_generated|_~25             ; |part6|lpm_mux:Mux3|mux_3nc:auto_generated|_~25             ; out0             ;
; |part6|lpm_mux:Mux3|mux_3nc:auto_generated|_~27             ; |part6|lpm_mux:Mux3|mux_3nc:auto_generated|_~27             ; out0             ;
; |part6|lpm_mux:Mux3|mux_3nc:auto_generated|_~28             ; |part6|lpm_mux:Mux3|mux_3nc:auto_generated|_~28             ; out0             ;
; |part6|lpm_mux:Mux3|mux_3nc:auto_generated|_~29             ; |part6|lpm_mux:Mux3|mux_3nc:auto_generated|_~29             ; out0             ;
; |part6|lpm_mux:Mux3|mux_3nc:auto_generated|_~30             ; |part6|lpm_mux:Mux3|mux_3nc:auto_generated|_~30             ; out0             ;
; |part6|lpm_mux:Mux3|mux_3nc:auto_generated|_~31             ; |part6|lpm_mux:Mux3|mux_3nc:auto_generated|_~31             ; out0             ;
; |part6|lpm_mux:Mux3|mux_3nc:auto_generated|_~32             ; |part6|lpm_mux:Mux3|mux_3nc:auto_generated|_~32             ; out0             ;
; |part6|lpm_mux:Mux3|mux_3nc:auto_generated|_~34             ; |part6|lpm_mux:Mux3|mux_3nc:auto_generated|_~34             ; out0             ;
; |part6|lpm_mux:Mux3|mux_3nc:auto_generated|_~36             ; |part6|lpm_mux:Mux3|mux_3nc:auto_generated|_~36             ; out0             ;
; |part6|lpm_mux:Mux3|mux_3nc:auto_generated|_~37             ; |part6|lpm_mux:Mux3|mux_3nc:auto_generated|_~37             ; out0             ;
; |part6|lpm_mux:Mux3|mux_3nc:auto_generated|_~38             ; |part6|lpm_mux:Mux3|mux_3nc:auto_generated|_~38             ; out0             ;
; |part6|lpm_mux:Mux3|mux_3nc:auto_generated|_~39             ; |part6|lpm_mux:Mux3|mux_3nc:auto_generated|_~39             ; out0             ;
; |part6|lpm_mux:Mux3|mux_3nc:auto_generated|_~41             ; |part6|lpm_mux:Mux3|mux_3nc:auto_generated|_~41             ; out0             ;
; |part6|lpm_mux:Mux3|mux_3nc:auto_generated|_~42             ; |part6|lpm_mux:Mux3|mux_3nc:auto_generated|_~42             ; out0             ;
; |part6|lpm_mux:Mux3|mux_3nc:auto_generated|result_node[0]~1 ; |part6|lpm_mux:Mux3|mux_3nc:auto_generated|result_node[0]~1 ; out0             ;
; |part6|lpm_mux:Mux3|mux_3nc:auto_generated|result_node[0]   ; |part6|lpm_mux:Mux3|mux_3nc:auto_generated|result_node[0]   ; out0             ;
; |part6|lpm_mux:Mux2|mux_3nc:auto_generated|_~0              ; |part6|lpm_mux:Mux2|mux_3nc:auto_generated|_~0              ; out0             ;
; |part6|lpm_mux:Mux2|mux_3nc:auto_generated|_~1              ; |part6|lpm_mux:Mux2|mux_3nc:auto_generated|_~1              ; out0             ;
; |part6|lpm_mux:Mux2|mux_3nc:auto_generated|_~2              ; |part6|lpm_mux:Mux2|mux_3nc:auto_generated|_~2              ; out0             ;
; |part6|lpm_mux:Mux2|mux_3nc:auto_generated|_~3              ; |part6|lpm_mux:Mux2|mux_3nc:auto_generated|_~3              ; out0             ;
; |part6|lpm_mux:Mux2|mux_3nc:auto_generated|_~4              ; |part6|lpm_mux:Mux2|mux_3nc:auto_generated|_~4              ; out0             ;
; |part6|lpm_mux:Mux2|mux_3nc:auto_generated|_~5              ; |part6|lpm_mux:Mux2|mux_3nc:auto_generated|_~5              ; out0             ;
; |part6|lpm_mux:Mux2|mux_3nc:auto_generated|_~6              ; |part6|lpm_mux:Mux2|mux_3nc:auto_generated|_~6              ; out0             ;
; |part6|lpm_mux:Mux2|mux_3nc:auto_generated|_~7              ; |part6|lpm_mux:Mux2|mux_3nc:auto_generated|_~7              ; out0             ;
; |part6|lpm_mux:Mux2|mux_3nc:auto_generated|_~8              ; |part6|lpm_mux:Mux2|mux_3nc:auto_generated|_~8              ; out0             ;
; |part6|lpm_mux:Mux2|mux_3nc:auto_generated|_~9              ; |part6|lpm_mux:Mux2|mux_3nc:auto_generated|_~9              ; out0             ;
; |part6|lpm_mux:Mux2|mux_3nc:auto_generated|_~10             ; |part6|lpm_mux:Mux2|mux_3nc:auto_generated|_~10             ; out0             ;
; |part6|lpm_mux:Mux2|mux_3nc:auto_generated|_~11             ; |part6|lpm_mux:Mux2|mux_3nc:auto_generated|_~11             ; out0             ;
; |part6|lpm_mux:Mux2|mux_3nc:auto_generated|_~12             ; |part6|lpm_mux:Mux2|mux_3nc:auto_generated|_~12             ; out0             ;
; |part6|lpm_mux:Mux2|mux_3nc:auto_generated|_~13             ; |part6|lpm_mux:Mux2|mux_3nc:auto_generated|_~13             ; out0             ;
; |part6|lpm_mux:Mux2|mux_3nc:auto_generated|_~14             ; |part6|lpm_mux:Mux2|mux_3nc:auto_generated|_~14             ; out0             ;
; |part6|lpm_mux:Mux2|mux_3nc:auto_generated|_~15             ; |part6|lpm_mux:Mux2|mux_3nc:auto_generated|_~15             ; out0             ;
; |part6|lpm_mux:Mux2|mux_3nc:auto_generated|_~16             ; |part6|lpm_mux:Mux2|mux_3nc:auto_generated|_~16             ; out0             ;
; |part6|lpm_mux:Mux2|mux_3nc:auto_generated|_~17             ; |part6|lpm_mux:Mux2|mux_3nc:auto_generated|_~17             ; out0             ;
; |part6|lpm_mux:Mux2|mux_3nc:auto_generated|_~19             ; |part6|lpm_mux:Mux2|mux_3nc:auto_generated|_~19             ; out0             ;
; |part6|lpm_mux:Mux2|mux_3nc:auto_generated|_~20             ; |part6|lpm_mux:Mux2|mux_3nc:auto_generated|_~20             ; out0             ;
; |part6|lpm_mux:Mux2|mux_3nc:auto_generated|result_node[0]~0 ; |part6|lpm_mux:Mux2|mux_3nc:auto_generated|result_node[0]~0 ; out0             ;
; |part6|lpm_mux:Mux2|mux_3nc:auto_generated|_~21             ; |part6|lpm_mux:Mux2|mux_3nc:auto_generated|_~21             ; out0             ;
; |part6|lpm_mux:Mux2|mux_3nc:auto_generated|_~22             ; |part6|lpm_mux:Mux2|mux_3nc:auto_generated|_~22             ; out0             ;
; |part6|lpm_mux:Mux2|mux_3nc:auto_generated|_~23             ; |part6|lpm_mux:Mux2|mux_3nc:auto_generated|_~23             ; out0             ;
; |part6|lpm_mux:Mux2|mux_3nc:auto_generated|_~25             ; |part6|lpm_mux:Mux2|mux_3nc:auto_generated|_~25             ; out0             ;
; |part6|lpm_mux:Mux2|mux_3nc:auto_generated|_~27             ; |part6|lpm_mux:Mux2|mux_3nc:auto_generated|_~27             ; out0             ;
; |part6|lpm_mux:Mux2|mux_3nc:auto_generated|_~28             ; |part6|lpm_mux:Mux2|mux_3nc:auto_generated|_~28             ; out0             ;
; |part6|lpm_mux:Mux2|mux_3nc:auto_generated|_~29             ; |part6|lpm_mux:Mux2|mux_3nc:auto_generated|_~29             ; out0             ;
; |part6|lpm_mux:Mux2|mux_3nc:auto_generated|_~30             ; |part6|lpm_mux:Mux2|mux_3nc:auto_generated|_~30             ; out0             ;
; |part6|lpm_mux:Mux2|mux_3nc:auto_generated|_~31             ; |part6|lpm_mux:Mux2|mux_3nc:auto_generated|_~31             ; out0             ;
; |part6|lpm_mux:Mux2|mux_3nc:auto_generated|_~32             ; |part6|lpm_mux:Mux2|mux_3nc:auto_generated|_~32             ; out0             ;
; |part6|lpm_mux:Mux2|mux_3nc:auto_generated|_~34             ; |part6|lpm_mux:Mux2|mux_3nc:auto_generated|_~34             ; out0             ;
; |part6|lpm_mux:Mux2|mux_3nc:auto_generated|_~36             ; |part6|lpm_mux:Mux2|mux_3nc:auto_generated|_~36             ; out0             ;
; |part6|lpm_mux:Mux2|mux_3nc:auto_generated|_~37             ; |part6|lpm_mux:Mux2|mux_3nc:auto_generated|_~37             ; out0             ;
; |part6|lpm_mux:Mux2|mux_3nc:auto_generated|_~38             ; |part6|lpm_mux:Mux2|mux_3nc:auto_generated|_~38             ; out0             ;
; |part6|lpm_mux:Mux2|mux_3nc:auto_generated|_~39             ; |part6|lpm_mux:Mux2|mux_3nc:auto_generated|_~39             ; out0             ;
; |part6|lpm_mux:Mux2|mux_3nc:auto_generated|_~41             ; |part6|lpm_mux:Mux2|mux_3nc:auto_generated|_~41             ; out0             ;
; |part6|lpm_mux:Mux2|mux_3nc:auto_generated|_~42             ; |part6|lpm_mux:Mux2|mux_3nc:auto_generated|_~42             ; out0             ;
; |part6|lpm_mux:Mux2|mux_3nc:auto_generated|result_node[0]~1 ; |part6|lpm_mux:Mux2|mux_3nc:auto_generated|result_node[0]~1 ; out0             ;
; |part6|lpm_mux:Mux2|mux_3nc:auto_generated|result_node[0]   ; |part6|lpm_mux:Mux2|mux_3nc:auto_generated|result_node[0]   ; out0             ;
; |part6|lpm_mux:Mux1|mux_umc:auto_generated|_~0              ; |part6|lpm_mux:Mux1|mux_umc:auto_generated|_~0              ; out0             ;
; |part6|lpm_mux:Mux1|mux_umc:auto_generated|_~1              ; |part6|lpm_mux:Mux1|mux_umc:auto_generated|_~1              ; out0             ;
; |part6|lpm_mux:Mux1|mux_umc:auto_generated|_~3              ; |part6|lpm_mux:Mux1|mux_umc:auto_generated|_~3              ; out0             ;
; |part6|lpm_mux:Mux1|mux_umc:auto_generated|_~6              ; |part6|lpm_mux:Mux1|mux_umc:auto_generated|_~6              ; out0             ;
; |part6|lpm_mux:Mux1|mux_umc:auto_generated|_~7              ; |part6|lpm_mux:Mux1|mux_umc:auto_generated|_~7              ; out0             ;
; |part6|lpm_mux:Mux1|mux_umc:auto_generated|_~8              ; |part6|lpm_mux:Mux1|mux_umc:auto_generated|_~8              ; out0             ;
; |part6|lpm_mux:Mux1|mux_umc:auto_generated|result_node[0]~0 ; |part6|lpm_mux:Mux1|mux_umc:auto_generated|result_node[0]~0 ; out0             ;
; |part6|lpm_mux:Mux1|mux_umc:auto_generated|_~9              ; |part6|lpm_mux:Mux1|mux_umc:auto_generated|_~9              ; out0             ;
; |part6|lpm_mux:Mux1|mux_umc:auto_generated|_~11             ; |part6|lpm_mux:Mux1|mux_umc:auto_generated|_~11             ; out0             ;
; |part6|lpm_mux:Mux1|mux_umc:auto_generated|_~14             ; |part6|lpm_mux:Mux1|mux_umc:auto_generated|_~14             ; out0             ;
; |part6|lpm_mux:Mux1|mux_umc:auto_generated|_~15             ; |part6|lpm_mux:Mux1|mux_umc:auto_generated|_~15             ; out0             ;
; |part6|lpm_mux:Mux1|mux_umc:auto_generated|_~16             ; |part6|lpm_mux:Mux1|mux_umc:auto_generated|_~16             ; out0             ;
; |part6|lpm_mux:Mux1|mux_umc:auto_generated|result_node[0]~1 ; |part6|lpm_mux:Mux1|mux_umc:auto_generated|result_node[0]~1 ; out0             ;
; |part6|lpm_mux:Mux1|mux_umc:auto_generated|result_node[0]   ; |part6|lpm_mux:Mux1|mux_umc:auto_generated|result_node[0]   ; out0             ;
; |part6|lpm_mux:Mux0|mux_umc:auto_generated|_~1              ; |part6|lpm_mux:Mux0|mux_umc:auto_generated|_~1              ; out0             ;
; |part6|lpm_mux:Mux0|mux_umc:auto_generated|_~3              ; |part6|lpm_mux:Mux0|mux_umc:auto_generated|_~3              ; out0             ;
; |part6|lpm_mux:Mux0|mux_umc:auto_generated|_~5              ; |part6|lpm_mux:Mux0|mux_umc:auto_generated|_~5              ; out0             ;
; |part6|lpm_mux:Mux0|mux_umc:auto_generated|_~6              ; |part6|lpm_mux:Mux0|mux_umc:auto_generated|_~6              ; out0             ;
; |part6|lpm_mux:Mux0|mux_umc:auto_generated|_~7              ; |part6|lpm_mux:Mux0|mux_umc:auto_generated|_~7              ; out0             ;
; |part6|lpm_mux:Mux0|mux_umc:auto_generated|_~8              ; |part6|lpm_mux:Mux0|mux_umc:auto_generated|_~8              ; out0             ;
; |part6|lpm_mux:Mux0|mux_umc:auto_generated|_~9              ; |part6|lpm_mux:Mux0|mux_umc:auto_generated|_~9              ; out0             ;
; |part6|lpm_mux:Mux0|mux_umc:auto_generated|_~11             ; |part6|lpm_mux:Mux0|mux_umc:auto_generated|_~11             ; out0             ;
; |part6|lpm_mux:Mux0|mux_umc:auto_generated|_~13             ; |part6|lpm_mux:Mux0|mux_umc:auto_generated|_~13             ; out0             ;
; |part6|lpm_mux:Mux0|mux_umc:auto_generated|_~14             ; |part6|lpm_mux:Mux0|mux_umc:auto_generated|_~14             ; out0             ;
; |part6|lpm_mux:Mux0|mux_umc:auto_generated|_~15             ; |part6|lpm_mux:Mux0|mux_umc:auto_generated|_~15             ; out0             ;
; |part6|lpm_mux:Mux0|mux_umc:auto_generated|_~16             ; |part6|lpm_mux:Mux0|mux_umc:auto_generated|_~16             ; out0             ;
; |part6|lpm_mux:Mux0|mux_umc:auto_generated|result_node[0]~1 ; |part6|lpm_mux:Mux0|mux_umc:auto_generated|result_node[0]~1 ; out0             ;
; |part6|lpm_mux:Mux0|mux_umc:auto_generated|result_node[0]   ; |part6|lpm_mux:Mux0|mux_umc:auto_generated|result_node[0]   ; out0             ;
+-------------------------------------------------------------+-------------------------------------------------------------+------------------+


The following table displays output ports that do not toggle to 1 during simulation.
+----------------------------------------------------------------------------------------------------------------------------------------------+
; Missing 1-Value Coverage                                                                                                                     ;
+-------------------------------------------------------------+-------------------------------------------------------------+------------------+
; Node Name                                                   ; Output Port Name                                            ; Output Port Type ;
+-------------------------------------------------------------+-------------------------------------------------------------+------------------+
; |part6|rst                                                  ; |part6|rst                                                  ; out              ;
; |part6|lpm_mux:Mux7|mux_3nc:auto_generated|_~18             ; |part6|lpm_mux:Mux7|mux_3nc:auto_generated|_~18             ; out0             ;
; |part6|lpm_mux:Mux7|mux_3nc:auto_generated|_~22             ; |part6|lpm_mux:Mux7|mux_3nc:auto_generated|_~22             ; out0             ;
; |part6|lpm_mux:Mux7|mux_3nc:auto_generated|_~24             ; |part6|lpm_mux:Mux7|mux_3nc:auto_generated|_~24             ; out0             ;
; |part6|lpm_mux:Mux7|mux_3nc:auto_generated|_~26             ; |part6|lpm_mux:Mux7|mux_3nc:auto_generated|_~26             ; out0             ;
; |part6|lpm_mux:Mux7|mux_3nc:auto_generated|_~31             ; |part6|lpm_mux:Mux7|mux_3nc:auto_generated|_~31             ; out0             ;
; |part6|lpm_mux:Mux7|mux_3nc:auto_generated|_~33             ; |part6|lpm_mux:Mux7|mux_3nc:auto_generated|_~33             ; out0             ;
; |part6|lpm_mux:Mux7|mux_3nc:auto_generated|_~35             ; |part6|lpm_mux:Mux7|mux_3nc:auto_generated|_~35             ; out0             ;
; |part6|lpm_mux:Mux7|mux_3nc:auto_generated|_~40             ; |part6|lpm_mux:Mux7|mux_3nc:auto_generated|_~40             ; out0             ;
; |part6|lpm_mux:Mux6|mux_3nc:auto_generated|_~18             ; |part6|lpm_mux:Mux6|mux_3nc:auto_generated|_~18             ; out0             ;
; |part6|lpm_mux:Mux6|mux_3nc:auto_generated|_~22             ; |part6|lpm_mux:Mux6|mux_3nc:auto_generated|_~22             ; out0             ;
; |part6|lpm_mux:Mux6|mux_3nc:auto_generated|_~24             ; |part6|lpm_mux:Mux6|mux_3nc:auto_generated|_~24             ; out0             ;
; |part6|lpm_mux:Mux6|mux_3nc:auto_generated|_~26             ; |part6|lpm_mux:Mux6|mux_3nc:auto_generated|_~26             ; out0             ;
; |part6|lpm_mux:Mux6|mux_3nc:auto_generated|_~31             ; |part6|lpm_mux:Mux6|mux_3nc:auto_generated|_~31             ; out0             ;
; |part6|lpm_mux:Mux6|mux_3nc:auto_generated|_~33             ; |part6|lpm_mux:Mux6|mux_3nc:auto_generated|_~33             ; out0             ;
; |part6|lpm_mux:Mux6|mux_3nc:auto_generated|_~35             ; |part6|lpm_mux:Mux6|mux_3nc:auto_generated|_~35             ; out0             ;
; |part6|lpm_mux:Mux6|mux_3nc:auto_generated|_~40             ; |part6|lpm_mux:Mux6|mux_3nc:auto_generated|_~40             ; out0             ;
; |part6|lpm_mux:Mux5|mux_3nc:auto_generated|_~18             ; |part6|lpm_mux:Mux5|mux_3nc:auto_generated|_~18             ; out0             ;
; |part6|lpm_mux:Mux5|mux_3nc:auto_generated|_~22             ; |part6|lpm_mux:Mux5|mux_3nc:auto_generated|_~22             ; out0             ;
; |part6|lpm_mux:Mux5|mux_3nc:auto_generated|_~24             ; |part6|lpm_mux:Mux5|mux_3nc:auto_generated|_~24             ; out0             ;
; |part6|lpm_mux:Mux5|mux_3nc:auto_generated|_~26             ; |part6|lpm_mux:Mux5|mux_3nc:auto_generated|_~26             ; out0             ;
; |part6|lpm_mux:Mux5|mux_3nc:auto_generated|_~31             ; |part6|lpm_mux:Mux5|mux_3nc:auto_generated|_~31             ; out0             ;
; |part6|lpm_mux:Mux5|mux_3nc:auto_generated|_~33             ; |part6|lpm_mux:Mux5|mux_3nc:auto_generated|_~33             ; out0             ;
; |part6|lpm_mux:Mux5|mux_3nc:auto_generated|_~35             ; |part6|lpm_mux:Mux5|mux_3nc:auto_generated|_~35             ; out0             ;
; |part6|lpm_mux:Mux5|mux_3nc:auto_generated|_~40             ; |part6|lpm_mux:Mux5|mux_3nc:auto_generated|_~40             ; out0             ;
; |part6|lpm_mux:Mux4|mux_3nc:auto_generated|_~18             ; |part6|lpm_mux:Mux4|mux_3nc:auto_generated|_~18             ; out0             ;
; |part6|lpm_mux:Mux4|mux_3nc:auto_generated|_~24             ; |part6|lpm_mux:Mux4|mux_3nc:auto_generated|_~24             ; out0             ;
; |part6|lpm_mux:Mux4|mux_3nc:auto_generated|_~26             ; |part6|lpm_mux:Mux4|mux_3nc:auto_generated|_~26             ; out0             ;
; |part6|lpm_mux:Mux4|mux_3nc:auto_generated|_~33             ; |part6|lpm_mux:Mux4|mux_3nc:auto_generated|_~33             ; out0             ;
; |part6|lpm_mux:Mux4|mux_3nc:auto_generated|_~35             ; |part6|lpm_mux:Mux4|mux_3nc:auto_generated|_~35             ; out0             ;
; |part6|lpm_mux:Mux4|mux_3nc:auto_generated|_~40             ; |part6|lpm_mux:Mux4|mux_3nc:auto_generated|_~40             ; out0             ;
; |part6|lpm_mux:Mux3|mux_3nc:auto_generated|_~18             ; |part6|lpm_mux:Mux3|mux_3nc:auto_generated|_~18             ; out0             ;
; |part6|lpm_mux:Mux3|mux_3nc:auto_generated|_~24             ; |part6|lpm_mux:Mux3|mux_3nc:auto_generated|_~24             ; out0             ;
; |part6|lpm_mux:Mux3|mux_3nc:auto_generated|_~26             ; |part6|lpm_mux:Mux3|mux_3nc:auto_generated|_~26             ; out0             ;
; |part6|lpm_mux:Mux3|mux_3nc:auto_generated|_~33             ; |part6|lpm_mux:Mux3|mux_3nc:auto_generated|_~33             ; out0             ;
; |part6|lpm_mux:Mux3|mux_3nc:auto_generated|_~35             ; |part6|lpm_mux:Mux3|mux_3nc:auto_generated|_~35             ; out0             ;
; |part6|lpm_mux:Mux3|mux_3nc:auto_generated|_~40             ; |part6|lpm_mux:Mux3|mux_3nc:auto_generated|_~40             ; out0             ;
; |part6|lpm_mux:Mux2|mux_3nc:auto_generated|_~18             ; |part6|lpm_mux:Mux2|mux_3nc:auto_generated|_~18             ; out0             ;
; |part6|lpm_mux:Mux2|mux_3nc:auto_generated|_~24             ; |part6|lpm_mux:Mux2|mux_3nc:auto_generated|_~24             ; out0             ;
; |part6|lpm_mux:Mux2|mux_3nc:auto_generated|_~26             ; |part6|lpm_mux:Mux2|mux_3nc:auto_generated|_~26             ; out0             ;
; |part6|lpm_mux:Mux2|mux_3nc:auto_generated|_~33             ; |part6|lpm_mux:Mux2|mux_3nc:auto_generated|_~33             ; out0             ;
; |part6|lpm_mux:Mux2|mux_3nc:auto_generated|_~35             ; |part6|lpm_mux:Mux2|mux_3nc:auto_generated|_~35             ; out0             ;
; |part6|lpm_mux:Mux2|mux_3nc:auto_generated|_~40             ; |part6|lpm_mux:Mux2|mux_3nc:auto_generated|_~40             ; out0             ;
; |part6|lpm_mux:Mux1|mux_umc:auto_generated|_~2              ; |part6|lpm_mux:Mux1|mux_umc:auto_generated|_~2              ; out0             ;
; |part6|lpm_mux:Mux1|mux_umc:auto_generated|_~4              ; |part6|lpm_mux:Mux1|mux_umc:auto_generated|_~4              ; out0             ;
; |part6|lpm_mux:Mux1|mux_umc:auto_generated|_~5              ; |part6|lpm_mux:Mux1|mux_umc:auto_generated|_~5              ; out0             ;
; |part6|lpm_mux:Mux1|mux_umc:auto_generated|_~10             ; |part6|lpm_mux:Mux1|mux_umc:auto_generated|_~10             ; out0             ;
; |part6|lpm_mux:Mux1|mux_umc:auto_generated|_~12             ; |part6|lpm_mux:Mux1|mux_umc:auto_generated|_~12             ; out0             ;
; |part6|lpm_mux:Mux1|mux_umc:auto_generated|_~13             ; |part6|lpm_mux:Mux1|mux_umc:auto_generated|_~13             ; out0             ;
; |part6|lpm_mux:Mux1|mux_umc:auto_generated|_~17             ; |part6|lpm_mux:Mux1|mux_umc:auto_generated|_~17             ; out0             ;
; |part6|lpm_mux:Mux0|mux_umc:auto_generated|_~0              ; |part6|lpm_mux:Mux0|mux_umc:auto_generated|_~0              ; out0             ;
; |part6|lpm_mux:Mux0|mux_umc:auto_generated|_~2              ; |part6|lpm_mux:Mux0|mux_umc:auto_generated|_~2              ; out0             ;
; |part6|lpm_mux:Mux0|mux_umc:auto_generated|_~4              ; |part6|lpm_mux:Mux0|mux_umc:auto_generated|_~4              ; out0             ;
; |part6|lpm_mux:Mux0|mux_umc:auto_generated|result_node[0]~0 ; |part6|lpm_mux:Mux0|mux_umc:auto_generated|result_node[0]~0 ; out0             ;
; |part6|lpm_mux:Mux0|mux_umc:auto_generated|_~10             ; |part6|lpm_mux:Mux0|mux_umc:auto_generated|_~10             ; out0             ;
; |part6|lpm_mux:Mux0|mux_umc:auto_generated|_~12             ; |part6|lpm_mux:Mux0|mux_umc:auto_generated|_~12             ; out0             ;
; |part6|lpm_mux:Mux0|mux_umc:auto_generated|_~17             ; |part6|lpm_mux:Mux0|mux_umc:auto_generated|_~17             ; out0             ;
+-------------------------------------------------------------+-------------------------------------------------------------+------------------+


The following table displays output ports that do not toggle to 0 during simulation.
+----------------------------------------------------------------------------------------------------------------------------------------------+
; Missing 0-Value Coverage                                                                                                                     ;
+-------------------------------------------------------------+-------------------------------------------------------------+------------------+
; Node Name                                                   ; Output Port Name                                            ; Output Port Type ;
+-------------------------------------------------------------+-------------------------------------------------------------+------------------+
; |part6|lpm_mux:Mux7|mux_3nc:auto_generated|_~18             ; |part6|lpm_mux:Mux7|mux_3nc:auto_generated|_~18             ; out0             ;
; |part6|lpm_mux:Mux7|mux_3nc:auto_generated|_~22             ; |part6|lpm_mux:Mux7|mux_3nc:auto_generated|_~22             ; out0             ;
; |part6|lpm_mux:Mux7|mux_3nc:auto_generated|_~24             ; |part6|lpm_mux:Mux7|mux_3nc:auto_generated|_~24             ; out0             ;
; |part6|lpm_mux:Mux7|mux_3nc:auto_generated|_~26             ; |part6|lpm_mux:Mux7|mux_3nc:auto_generated|_~26             ; out0             ;
; |part6|lpm_mux:Mux7|mux_3nc:auto_generated|_~31             ; |part6|lpm_mux:Mux7|mux_3nc:auto_generated|_~31             ; out0             ;
; |part6|lpm_mux:Mux7|mux_3nc:auto_generated|_~33             ; |part6|lpm_mux:Mux7|mux_3nc:auto_generated|_~33             ; out0             ;
; |part6|lpm_mux:Mux7|mux_3nc:auto_generated|_~35             ; |part6|lpm_mux:Mux7|mux_3nc:auto_generated|_~35             ; out0             ;
; |part6|lpm_mux:Mux7|mux_3nc:auto_generated|_~40             ; |part6|lpm_mux:Mux7|mux_3nc:auto_generated|_~40             ; out0             ;
; |part6|lpm_mux:Mux6|mux_3nc:auto_generated|_~18             ; |part6|lpm_mux:Mux6|mux_3nc:auto_generated|_~18             ; out0             ;
; |part6|lpm_mux:Mux6|mux_3nc:auto_generated|_~22             ; |part6|lpm_mux:Mux6|mux_3nc:auto_generated|_~22             ; out0             ;
; |part6|lpm_mux:Mux6|mux_3nc:auto_generated|_~24             ; |part6|lpm_mux:Mux6|mux_3nc:auto_generated|_~24             ; out0             ;
; |part6|lpm_mux:Mux6|mux_3nc:auto_generated|_~26             ; |part6|lpm_mux:Mux6|mux_3nc:auto_generated|_~26             ; out0             ;
; |part6|lpm_mux:Mux6|mux_3nc:auto_generated|_~31             ; |part6|lpm_mux:Mux6|mux_3nc:auto_generated|_~31             ; out0             ;
; |part6|lpm_mux:Mux6|mux_3nc:auto_generated|_~33             ; |part6|lpm_mux:Mux6|mux_3nc:auto_generated|_~33             ; out0             ;
; |part6|lpm_mux:Mux6|mux_3nc:auto_generated|_~35             ; |part6|lpm_mux:Mux6|mux_3nc:auto_generated|_~35             ; out0             ;
; |part6|lpm_mux:Mux6|mux_3nc:auto_generated|_~40             ; |part6|lpm_mux:Mux6|mux_3nc:auto_generated|_~40             ; out0             ;
; |part6|lpm_mux:Mux5|mux_3nc:auto_generated|_~18             ; |part6|lpm_mux:Mux5|mux_3nc:auto_generated|_~18             ; out0             ;
; |part6|lpm_mux:Mux5|mux_3nc:auto_generated|_~22             ; |part6|lpm_mux:Mux5|mux_3nc:auto_generated|_~22             ; out0             ;
; |part6|lpm_mux:Mux5|mux_3nc:auto_generated|_~24             ; |part6|lpm_mux:Mux5|mux_3nc:auto_generated|_~24             ; out0             ;
; |part6|lpm_mux:Mux5|mux_3nc:auto_generated|_~26             ; |part6|lpm_mux:Mux5|mux_3nc:auto_generated|_~26             ; out0             ;
; |part6|lpm_mux:Mux5|mux_3nc:auto_generated|_~31             ; |part6|lpm_mux:Mux5|mux_3nc:auto_generated|_~31             ; out0             ;
; |part6|lpm_mux:Mux5|mux_3nc:auto_generated|_~33             ; |part6|lpm_mux:Mux5|mux_3nc:auto_generated|_~33             ; out0             ;
; |part6|lpm_mux:Mux5|mux_3nc:auto_generated|_~35             ; |part6|lpm_mux:Mux5|mux_3nc:auto_generated|_~35             ; out0             ;
; |part6|lpm_mux:Mux5|mux_3nc:auto_generated|_~40             ; |part6|lpm_mux:Mux5|mux_3nc:auto_generated|_~40             ; out0             ;
; |part6|lpm_mux:Mux4|mux_3nc:auto_generated|_~18             ; |part6|lpm_mux:Mux4|mux_3nc:auto_generated|_~18             ; out0             ;
; |part6|lpm_mux:Mux4|mux_3nc:auto_generated|_~24             ; |part6|lpm_mux:Mux4|mux_3nc:auto_generated|_~24             ; out0             ;
; |part6|lpm_mux:Mux4|mux_3nc:auto_generated|_~26             ; |part6|lpm_mux:Mux4|mux_3nc:auto_generated|_~26             ; out0             ;
; |part6|lpm_mux:Mux4|mux_3nc:auto_generated|_~33             ; |part6|lpm_mux:Mux4|mux_3nc:auto_generated|_~33             ; out0             ;
; |part6|lpm_mux:Mux4|mux_3nc:auto_generated|_~35             ; |part6|lpm_mux:Mux4|mux_3nc:auto_generated|_~35             ; out0             ;
; |part6|lpm_mux:Mux4|mux_3nc:auto_generated|_~40             ; |part6|lpm_mux:Mux4|mux_3nc:auto_generated|_~40             ; out0             ;
; |part6|lpm_mux:Mux3|mux_3nc:auto_generated|_~18             ; |part6|lpm_mux:Mux3|mux_3nc:auto_generated|_~18             ; out0             ;
; |part6|lpm_mux:Mux3|mux_3nc:auto_generated|_~24             ; |part6|lpm_mux:Mux3|mux_3nc:auto_generated|_~24             ; out0             ;
; |part6|lpm_mux:Mux3|mux_3nc:auto_generated|_~26             ; |part6|lpm_mux:Mux3|mux_3nc:auto_generated|_~26             ; out0             ;
; |part6|lpm_mux:Mux3|mux_3nc:auto_generated|_~33             ; |part6|lpm_mux:Mux3|mux_3nc:auto_generated|_~33             ; out0             ;
; |part6|lpm_mux:Mux3|mux_3nc:auto_generated|_~35             ; |part6|lpm_mux:Mux3|mux_3nc:auto_generated|_~35             ; out0             ;
; |part6|lpm_mux:Mux3|mux_3nc:auto_generated|_~40             ; |part6|lpm_mux:Mux3|mux_3nc:auto_generated|_~40             ; out0             ;
; |part6|lpm_mux:Mux2|mux_3nc:auto_generated|_~18             ; |part6|lpm_mux:Mux2|mux_3nc:auto_generated|_~18             ; out0             ;
; |part6|lpm_mux:Mux2|mux_3nc:auto_generated|_~24             ; |part6|lpm_mux:Mux2|mux_3nc:auto_generated|_~24             ; out0             ;
; |part6|lpm_mux:Mux2|mux_3nc:auto_generated|_~26             ; |part6|lpm_mux:Mux2|mux_3nc:auto_generated|_~26             ; out0             ;
; |part6|lpm_mux:Mux2|mux_3nc:auto_generated|_~33             ; |part6|lpm_mux:Mux2|mux_3nc:auto_generated|_~33             ; out0             ;
; |part6|lpm_mux:Mux2|mux_3nc:auto_generated|_~35             ; |part6|lpm_mux:Mux2|mux_3nc:auto_generated|_~35             ; out0             ;
; |part6|lpm_mux:Mux2|mux_3nc:auto_generated|_~40             ; |part6|lpm_mux:Mux2|mux_3nc:auto_generated|_~40             ; out0             ;
; |part6|lpm_mux:Mux1|mux_umc:auto_generated|_~2              ; |part6|lpm_mux:Mux1|mux_umc:auto_generated|_~2              ; out0             ;
; |part6|lpm_mux:Mux1|mux_umc:auto_generated|_~4              ; |part6|lpm_mux:Mux1|mux_umc:auto_generated|_~4              ; out0             ;
; |part6|lpm_mux:Mux1|mux_umc:auto_generated|_~5              ; |part6|lpm_mux:Mux1|mux_umc:auto_generated|_~5              ; out0             ;
; |part6|lpm_mux:Mux1|mux_umc:auto_generated|_~10             ; |part6|lpm_mux:Mux1|mux_umc:auto_generated|_~10             ; out0             ;
; |part6|lpm_mux:Mux1|mux_umc:auto_generated|_~12             ; |part6|lpm_mux:Mux1|mux_umc:auto_generated|_~12             ; out0             ;
; |part6|lpm_mux:Mux1|mux_umc:auto_generated|_~13             ; |part6|lpm_mux:Mux1|mux_umc:auto_generated|_~13             ; out0             ;
; |part6|lpm_mux:Mux1|mux_umc:auto_generated|_~17             ; |part6|lpm_mux:Mux1|mux_umc:auto_generated|_~17             ; out0             ;
; |part6|lpm_mux:Mux0|mux_umc:auto_generated|_~0              ; |part6|lpm_mux:Mux0|mux_umc:auto_generated|_~0              ; out0             ;
; |part6|lpm_mux:Mux0|mux_umc:auto_generated|_~2              ; |part6|lpm_mux:Mux0|mux_umc:auto_generated|_~2              ; out0             ;
; |part6|lpm_mux:Mux0|mux_umc:auto_generated|_~4              ; |part6|lpm_mux:Mux0|mux_umc:auto_generated|_~4              ; out0             ;
; |part6|lpm_mux:Mux0|mux_umc:auto_generated|result_node[0]~0 ; |part6|lpm_mux:Mux0|mux_umc:auto_generated|result_node[0]~0 ; out0             ;
; |part6|lpm_mux:Mux0|mux_umc:auto_generated|_~10             ; |part6|lpm_mux:Mux0|mux_umc:auto_generated|_~10             ; out0             ;
; |part6|lpm_mux:Mux0|mux_umc:auto_generated|_~12             ; |part6|lpm_mux:Mux0|mux_umc:auto_generated|_~12             ; out0             ;
; |part6|lpm_mux:Mux0|mux_umc:auto_generated|_~17             ; |part6|lpm_mux:Mux0|mux_umc:auto_generated|_~17             ; out0             ;
+-------------------------------------------------------------+-------------------------------------------------------------+------------------+


+---------------------+
; Simulator INI Usage ;
+--------+------------+
; Option ; Usage      ;
+--------+------------+


+--------------------+
; Simulator Messages ;
+--------------------+
Info: *******************************************************************
Info: Running Quartus II Simulator
    Info: Version 9.1 Build 350 03/24/2010 Service Pack 2 SJ Web Edition
    Info: Processing started: Mon Jan 27 23:22:18 2020
Info: Command: quartus_sim --read_settings_files=on --write_settings_files=off part6 -c part6
Info: Using vector source file "C:/LAB3/part6/part6.vwf"
Info: Option to preserve fewer signal transitions to reduce memory requirements is enabled
    Info: Simulation has been partitioned into sub-simulations according to the maximum transition count determined by the engine. Transitions from memory will be flushed out to disk at the end of each sub-simulation to reduce memory requirements.
Info: Simulation partitioned into 1 sub-simulations
Info: Simulation coverage is      82.88 %
Info: Number of transitions in simulation is 2196
Info: Quartus II Simulator was successful. 0 errors, 0 warnings
    Info: Peak virtual memory: 158 megabytes
    Info: Processing ended: Mon Jan 27 23:22:18 2020
    Info: Elapsed time: 00:00:00
    Info: Total CPU time (on all processors): 00:00:01


