Classic Timing Analyzer report for T_BIRDS
Mon Jan 27 01:15:34 2020
Quartus II Version 9.1 Build 350 03/24/2010 Service Pack 2 SJ Web Edition


---------------------
; Table of Contents ;
---------------------
  1. Legal Notice
  2. Timing Analyzer Summary
  3. Timing Analyzer Settings
  4. Clock Settings Summary
  5. Parallel Compilation
  6. Clock Setup: 'clk'
  7. tsu
  8. tco
  9. th
 10. Timing Analyzer Messages



----------------
; Legal Notice ;
----------------
Copyright (C) 1991-2010 Altera Corporation
Your use of Altera Corporation's design tools, logic functions 
and other software and tools, and its AMPP partner logic 
functions, and any output files from any of the foregoing 
(including device programming or simulation files), and any 
associated documentation or information are expressly subject 
to the terms and conditions of the Altera Program License 
Subscription Agreement, Altera MegaCore Function License 
Agreement, or other applicable license agreement, including, 
without limitation, that your use is for the sole purpose of 
programming logic devices manufactured by Altera and sold by 
Altera or its authorized distributors.  Please refer to the 
applicable agreement for further details.



+------------------------------------------------------------------------------------------------------------------------------------------------------------------+
; Timing Analyzer Summary                                                                                                                                          ;
+------------------------------+-------+---------------+------------------------------------------------+---------+---------+------------+----------+--------------+
; Type                         ; Slack ; Required Time ; Actual Time                                    ; From    ; To      ; From Clock ; To Clock ; Failed Paths ;
+------------------------------+-------+---------------+------------------------------------------------+---------+---------+------------+----------+--------------+
; Worst-case tsu               ; N/A   ; None          ; 3.907 ns                                       ; haz     ; d[5]    ; --         ; clk      ; 0            ;
; Worst-case tco               ; N/A   ; None          ; 9.224 ns                                       ; d[5]    ; Dout[0] ; clk        ; --       ; 0            ;
; Worst-case th                ; N/A   ; None          ; -1.021 ns                                      ; right_s ; d[5]    ; --         ; clk      ; 0            ;
; Clock Setup: 'clk'           ; N/A   ; None          ; Restricted to 450.05 MHz ( period = 2.222 ns ) ; d[5]    ; d[5]    ; clk        ; clk      ; 0            ;
; Total number of failed paths ;       ;               ;                                                ;         ;         ;            ;          ; 0            ;
+------------------------------+-------+---------------+------------------------------------------------+---------+---------+------------+----------+--------------+


+-----------------------------------------------------------------------------------------------------------------------------------------------------+
; Timing Analyzer Settings                                                                                                                            ;
+------------------------------------------------------------------------------------------------------+--------------------+------+----+-------------+
; Option                                                                                               ; Setting            ; From ; To ; Entity Name ;
+------------------------------------------------------------------------------------------------------+--------------------+------+----+-------------+
; Device Name                                                                                          ; EP2C35F672C6       ;      ;    ;             ;
; Timing Models                                                                                        ; Final              ;      ;    ;             ;
; Default hold multicycle                                                                              ; Same as Multicycle ;      ;    ;             ;
; Cut paths between unrelated clock domains                                                            ; On                 ;      ;    ;             ;
; Cut off read during write signal paths                                                               ; On                 ;      ;    ;             ;
; Cut off feedback from I/O pins                                                                       ; On                 ;      ;    ;             ;
; Report Combined Fast/Slow Timing                                                                     ; Off                ;      ;    ;             ;
; Ignore Clock Settings                                                                                ; Off                ;      ;    ;             ;
; Analyze latches as synchronous elements                                                              ; On                 ;      ;    ;             ;
; Enable Recovery/Removal analysis                                                                     ; Off                ;      ;    ;             ;
; Enable Clock Latency                                                                                 ; Off                ;      ;    ;             ;
; Use TimeQuest Timing Analyzer                                                                        ; Off                ;      ;    ;             ;
; Minimum Core Junction Temperature                                                                    ; 0                  ;      ;    ;             ;
; Maximum Core Junction Temperature                                                                    ; 85                 ;      ;    ;             ;
; Number of source nodes to report per destination node                                                ; 10                 ;      ;    ;             ;
; Number of destination nodes to report                                                                ; 10                 ;      ;    ;             ;
; Number of paths to report                                                                            ; 200                ;      ;    ;             ;
; Report Minimum Timing Checks                                                                         ; Off                ;      ;    ;             ;
; Use Fast Timing Models                                                                               ; Off                ;      ;    ;             ;
; Report IO Paths Separately                                                                           ; Off                ;      ;    ;             ;
; Perform Multicorner Analysis                                                                         ; On                 ;      ;    ;             ;
; Reports the worst-case path for each clock domain and analysis                                       ; Off                ;      ;    ;             ;
; Reports worst-case timing paths for each clock domain and analysis                                   ; On                 ;      ;    ;             ;
; Specifies the maximum number of worst-case timing paths to report for each clock domain and analysis ; 100                ;      ;    ;             ;
; Removes common clock path pessimism (CCPP) during slack computation                                  ; Off                ;      ;    ;             ;
; Output I/O Timing Endpoint                                                                           ; Near End           ;      ;    ;             ;
+------------------------------------------------------------------------------------------------------+--------------------+------+----+-------------+


+------------------------------------------------------------------------------------------------------------------------------------------------------------------------------------+
; Clock Settings Summary                                                                                                                                                             ;
+-----------------+--------------------+----------+------------------+---------------+--------------+----------+-----------------------+---------------------+--------+--------------+
; Clock Node Name ; Clock Setting Name ; Type     ; Fmax Requirement ; Early Latency ; Late Latency ; Based on ; Multiply Base Fmax by ; Divide Base Fmax by ; Offset ; Phase offset ;
+-----------------+--------------------+----------+------------------+---------------+--------------+----------+-----------------------+---------------------+--------+--------------+
; clk             ;                    ; User Pin ; None             ; 0.000 ns      ; 0.000 ns     ; --       ; N/A                   ; N/A                 ; N/A    ;              ;
+-----------------+--------------------+----------+------------------+---------------+--------------+----------+-----------------------+---------------------+--------+--------------+


Parallel compilation was disabled, but you have multiple processors available. Enable parallel compilation to reduce compilation time.
+-------------------------------------+
; Parallel Compilation                ;
+----------------------------+--------+
; Processors                 ; Number ;
+----------------------------+--------+
; Number detected on machine ; 2      ;
; Maximum allowed            ; 1      ;
+----------------------------+--------+


+----------------------------------------------------------------------------------------------------------------------------------------------------------------------------------+
; Clock Setup: 'clk'                                                                                                                                                               ;
+-------+------------------------------------------------+------+------+------------+----------+-----------------------------+---------------------------+-------------------------+
; Slack ; Actual fmax (period)                           ; From ; To   ; From Clock ; To Clock ; Required Setup Relationship ; Required Longest P2P Time ; Actual Longest P2P Time ;
+-------+------------------------------------------------+------+------+------------+----------+-----------------------------+---------------------------+-------------------------+
; N/A   ; Restricted to 450.05 MHz ( period = 2.222 ns ) ; d[5] ; d[5] ; clk        ; clk      ; None                        ; None                      ; 0.407 ns                ;
+-------+------------------------------------------------+------+------+------------+----------+-----------------------------+---------------------------+-------------------------+


+---------------------------------------------------------------+
; tsu                                                           ;
+-------+--------------+------------+---------+------+----------+
; Slack ; Required tsu ; Actual tsu ; From    ; To   ; To Clock ;
+-------+--------------+------------+---------+------+----------+
; N/A   ; None         ; 3.907 ns   ; haz     ; d[5] ; clk      ;
; N/A   ; None         ; 1.481 ns   ; left_s  ; d[5] ; clk      ;
; N/A   ; None         ; 1.251 ns   ; right_s ; d[5] ; clk      ;
+-------+--------------+------------+---------+------+----------+


+-----------------------------------------------------------------+
; tco                                                             ;
+-------+--------------+------------+------+---------+------------+
; Slack ; Required tco ; Actual tco ; From ; To      ; From Clock ;
+-------+--------------+------------+------+---------+------------+
; N/A   ; None         ; 9.224 ns   ; d[5] ; Dout[0] ; clk        ;
; N/A   ; None         ; 8.816 ns   ; d[5] ; Dout[2] ; clk        ;
; N/A   ; None         ; 8.694 ns   ; d[5] ; Dout[5] ; clk        ;
; N/A   ; None         ; 7.907 ns   ; d[5] ; Dout[4] ; clk        ;
; N/A   ; None         ; 6.459 ns   ; d[5] ; Dout[3] ; clk        ;
; N/A   ; None         ; 6.419 ns   ; d[5] ; Dout[1] ; clk        ;
+-------+--------------+------------+------+---------+------------+


+---------------------------------------------------------------------+
; th                                                                  ;
+---------------+-------------+-----------+---------+------+----------+
; Minimum Slack ; Required th ; Actual th ; From    ; To   ; To Clock ;
+---------------+-------------+-----------+---------+------+----------+
; N/A           ; None        ; -1.021 ns ; right_s ; d[5] ; clk      ;
; N/A           ; None        ; -1.251 ns ; left_s  ; d[5] ; clk      ;
; N/A           ; None        ; -3.677 ns ; haz     ; d[5] ; clk      ;
+---------------+-------------+-----------+---------+------+----------+


+--------------------------+
; Timing Analyzer Messages ;
+--------------------------+
Info: *******************************************************************
Info: Running Quartus II Classic Timing Analyzer
    Info: Version 9.1 Build 350 03/24/2010 Service Pack 2 SJ Web Edition
    Info: Processing started: Mon Jan 27 01:15:34 2020
Info: Command: quartus_tan --read_settings_files=off --write_settings_files=off T_BIRDS -c T_BIRDS --timing_analysis_only
Warning: Found pins functioning as undefined clocks and/or memory enables
    Info: Assuming node "clk" is an undefined clock
Info: Clock "clk" Internal fmax is restricted to 450.05 MHz between source register "d[5]" and destination register "d[5]"
    Info: fmax restricted to clock pin edge rate 2.222 ns. Expand message to see actual delay path.
        Info: + Longest register to register delay is 0.407 ns
            Info: 1: + IC(0.000 ns) + CELL(0.000 ns) = 0.000 ns; Loc. = LCFF_X10_Y3_N1; Fanout = 7; REG Node = 'd[5]'
            Info: 2: + IC(0.000 ns) + CELL(0.323 ns) = 0.323 ns; Loc. = LCCOMB_X10_Y3_N0; Fanout = 1; COMB Node = 'd~0'
            Info: 3: + IC(0.000 ns) + CELL(0.084 ns) = 0.407 ns; Loc. = LCFF_X10_Y3_N1; Fanout = 7; REG Node = 'd[5]'
            Info: Total cell delay = 0.407 ns ( 100.00 % )
        Info: - Smallest clock skew is 0.000 ns
            Info: + Shortest clock path from clock "clk" to destination register is 2.382 ns
                Info: 1: + IC(0.000 ns) + CELL(0.860 ns) = 0.860 ns; Loc. = PIN_AE6; Fanout = 1; CLK Node = 'clk'
                Info: 2: + IC(0.985 ns) + CELL(0.537 ns) = 2.382 ns; Loc. = LCFF_X10_Y3_N1; Fanout = 7; REG Node = 'd[5]'
                Info: Total cell delay = 1.397 ns ( 58.65 % )
                Info: Total interconnect delay = 0.985 ns ( 41.35 % )
            Info: - Longest clock path from clock "clk" to source register is 2.382 ns
                Info: 1: + IC(0.000 ns) + CELL(0.860 ns) = 0.860 ns; Loc. = PIN_AE6; Fanout = 1; CLK Node = 'clk'
                Info: 2: + IC(0.985 ns) + CELL(0.537 ns) = 2.382 ns; Loc. = LCFF_X10_Y3_N1; Fanout = 7; REG Node = 'd[5]'
                Info: Total cell delay = 1.397 ns ( 58.65 % )
                Info: Total interconnect delay = 0.985 ns ( 41.35 % )
        Info: + Micro clock to output delay of source is 0.250 ns
        Info: + Micro setup delay of destination is -0.036 ns
Info: tsu for register "d[5]" (data pin = "haz", clock pin = "clk") is 3.907 ns
    Info: + Longest pin to register delay is 6.325 ns
        Info: 1: + IC(0.000 ns) + CELL(0.820 ns) = 0.820 ns; Loc. = PIN_Y10; Fanout = 1; PIN Node = 'haz'
        Info: 2: + IC(5.028 ns) + CELL(0.393 ns) = 6.241 ns; Loc. = LCCOMB_X10_Y3_N0; Fanout = 1; COMB Node = 'd~0'
        Info: 3: + IC(0.000 ns) + CELL(0.084 ns) = 6.325 ns; Loc. = LCFF_X10_Y3_N1; Fanout = 7; REG Node = 'd[5]'
        Info: Total cell delay = 1.297 ns ( 20.51 % )
        Info: Total interconnect delay = 5.028 ns ( 79.49 % )
    Info: + Micro setup delay of destination is -0.036 ns
    Info: - Shortest clock path from clock "clk" to destination register is 2.382 ns
        Info: 1: + IC(0.000 ns) + CELL(0.860 ns) = 0.860 ns; Loc. = PIN_AE6; Fanout = 1; CLK Node = 'clk'
        Info: 2: + IC(0.985 ns) + CELL(0.537 ns) = 2.382 ns; Loc. = LCFF_X10_Y3_N1; Fanout = 7; REG Node = 'd[5]'
        Info: Total cell delay = 1.397 ns ( 58.65 % )
        Info: Total interconnect delay = 0.985 ns ( 41.35 % )
Info: tco from clock "clk" to destination pin "Dout[0]" through register "d[5]" is 9.224 ns
    Info: + Longest clock path from clock "clk" to source register is 2.382 ns
        Info: 1: + IC(0.000 ns) + CELL(0.860 ns) = 0.860 ns; Loc. = PIN_AE6; Fanout = 1; CLK Node = 'clk'
        Info: 2: + IC(0.985 ns) + CELL(0.537 ns) = 2.382 ns; Loc. = LCFF_X10_Y3_N1; Fanout = 7; REG Node = 'd[5]'
        Info: Total cell delay = 1.397 ns ( 58.65 % )
        Info: Total interconnect delay = 0.985 ns ( 41.35 % )
    Info: + Micro clock to output delay of source is 0.250 ns
    Info: + Longest register to pin delay is 6.592 ns
        Info: 1: + IC(0.000 ns) + CELL(0.000 ns) = 0.000 ns; Loc. = LCFF_X10_Y3_N1; Fanout = 7; REG Node = 'd[5]'
        Info: 2: + IC(3.834 ns) + CELL(2.758 ns) = 6.592 ns; Loc. = PIN_G11; Fanout = 0; PIN Node = 'Dout[0]'
        Info: Total cell delay = 2.758 ns ( 41.84 % )
        Info: Total interconnect delay = 3.834 ns ( 58.16 % )
Info: th for register "d[5]" (data pin = "right_s", clock pin = "clk") is -1.021 ns
    Info: + Longest clock path from clock "clk" to destination register is 2.382 ns
        Info: 1: + IC(0.000 ns) + CELL(0.860 ns) = 0.860 ns; Loc. = PIN_AE6; Fanout = 1; CLK Node = 'clk'
        Info: 2: + IC(0.985 ns) + CELL(0.537 ns) = 2.382 ns; Loc. = LCFF_X10_Y3_N1; Fanout = 7; REG Node = 'd[5]'
        Info: Total cell delay = 1.397 ns ( 58.65 % )
        Info: Total interconnect delay = 0.985 ns ( 41.35 % )
    Info: + Micro hold delay of destination is 0.266 ns
    Info: - Shortest pin to register delay is 3.669 ns
        Info: 1: + IC(0.000 ns) + CELL(0.979 ns) = 0.979 ns; Loc. = PIN_D13; Fanout = 1; PIN Node = 'right_s'
        Info: 2: + IC(2.456 ns) + CELL(0.150 ns) = 3.585 ns; Loc. = LCCOMB_X10_Y3_N0; Fanout = 1; COMB Node = 'd~0'
        Info: 3: + IC(0.000 ns) + CELL(0.084 ns) = 3.669 ns; Loc. = LCFF_X10_Y3_N1; Fanout = 7; REG Node = 'd[5]'
        Info: Total cell delay = 1.213 ns ( 33.06 % )
        Info: Total interconnect delay = 2.456 ns ( 66.94 % )
Info: Quartus II Classic Timing Analyzer was successful. 0 errors, 1 warning
    Info: Peak virtual memory: 194 megabytes
    Info: Processing ended: Mon Jan 27 01:15:35 2020
    Info: Elapsed time: 00:00:01
    Info: Total CPU time (on all processors): 00:00:01


