Classic Timing Analyzer report for part6
Mon Jan 27 22:30:53 2020
Quartus II Version 9.1 Build 350 03/24/2010 Service Pack 2 SJ Web Edition


---------------------
; Table of Contents ;
---------------------
  1. Legal Notice
  2. Timing Analyzer Summary
  3. Timing Analyzer Settings
  4. Clock Settings Summary
  5. Parallel Compilation
  6. Clock Setup: 'clk'
  7. tco
  8. tpd
  9. Timing Analyzer Messages



----------------
; Legal Notice ;
----------------
Copyright (C) 1991-2010 Altera Corporation
Your use of Altera Corporation's design tools, logic functions 
and other software and tools, and its AMPP partner logic 
functions, and any output files from any of the foregoing 
(including device programming or simulation files), and any 
associated documentation or information are expressly subject 
to the terms and conditions of the Altera Program License 
Subscription Agreement, Altera MegaCore Function License 
Agreement, or other applicable license agreement, including, 
without limitation, that your use is for the sole purpose of 
programming logic devices manufactured by Altera and sold by 
Altera or its authorized distributors.  Please refer to the 
applicable agreement for further details.



+------------------------------------------------------------------------------------------------------------------------------------------------------------------------+
; Timing Analyzer Summary                                                                                                                                                ;
+------------------------------+-------+---------------+------------------------------------------------+------------+------------+------------+----------+--------------+
; Type                         ; Slack ; Required Time ; Actual Time                                    ; From       ; To         ; From Clock ; To Clock ; Failed Paths ;
+------------------------------+-------+---------------+------------------------------------------------+------------+------------+------------+----------+--------------+
; Worst-case tco               ; N/A   ; None          ; 10.318 ns                                      ; counter[0] ; D_out[0]   ; clk        ; --       ; 0            ;
; Worst-case tpd               ; N/A   ; None          ; 12.547 ns                                      ; hazard     ; D_out[0]   ; --         ; --       ; 0            ;
; Clock Setup: 'clk'           ; N/A   ; None          ; Restricted to 420.17 MHz ( period = 2.380 ns ) ; counter[0] ; counter[1] ; clk        ; clk      ; 0            ;
; Total number of failed paths ;       ;               ;                                                ;            ;            ;            ;          ; 0            ;
+------------------------------+-------+---------------+------------------------------------------------+------------+------------+------------+----------+--------------+


+-----------------------------------------------------------------------------------------------------------------------------------------------------+
; Timing Analyzer Settings                                                                                                                            ;
+------------------------------------------------------------------------------------------------------+--------------------+------+----+-------------+
; Option                                                                                               ; Setting            ; From ; To ; Entity Name ;
+------------------------------------------------------------------------------------------------------+--------------------+------+----+-------------+
; Device Name                                                                                          ; EP2C35F672C6       ;      ;    ;             ;
; Timing Models                                                                                        ; Final              ;      ;    ;             ;
; Default hold multicycle                                                                              ; Same as Multicycle ;      ;    ;             ;
; Cut paths between unrelated clock domains                                                            ; On                 ;      ;    ;             ;
; Cut off read during write signal paths                                                               ; On                 ;      ;    ;             ;
; Cut off feedback from I/O pins                                                                       ; On                 ;      ;    ;             ;
; Report Combined Fast/Slow Timing                                                                     ; Off                ;      ;    ;             ;
; Ignore Clock Settings                                                                                ; Off                ;      ;    ;             ;
; Analyze latches as synchronous elements                                                              ; On                 ;      ;    ;             ;
; Enable Recovery/Removal analysis                                                                     ; Off                ;      ;    ;             ;
; Enable Clock Latency                                                                                 ; Off                ;      ;    ;             ;
; Use TimeQuest Timing Analyzer                                                                        ; Off                ;      ;    ;             ;
; Minimum Core Junction Temperature                                                                    ; 0                  ;      ;    ;             ;
; Maximum Core Junction Temperature                                                                    ; 85                 ;      ;    ;             ;
; Number of source nodes to report per destination node                                                ; 10                 ;      ;    ;             ;
; Number of destination nodes to report                                                                ; 10                 ;      ;    ;             ;
; Number of paths to report                                                                            ; 200                ;      ;    ;             ;
; Report Minimum Timing Checks                                                                         ; Off                ;      ;    ;             ;
; Use Fast Timing Models                                                                               ; Off                ;      ;    ;             ;
; Report IO Paths Separately                                                                           ; Off                ;      ;    ;             ;
; Perform Multicorner Analysis                                                                         ; On                 ;      ;    ;             ;
; Reports the worst-case path for each clock domain and analysis                                       ; Off                ;      ;    ;             ;
; Reports worst-case timing paths for each clock domain and analysis                                   ; On                 ;      ;    ;             ;
; Specifies the maximum number of worst-case timing paths to report for each clock domain and analysis ; 100                ;      ;    ;             ;
; Removes common clock path pessimism (CCPP) during slack computation                                  ; Off                ;      ;    ;             ;
; Output I/O Timing Endpoint                                                                           ; Near End           ;      ;    ;             ;
+------------------------------------------------------------------------------------------------------+--------------------+------+----+-------------+


+------------------------------------------------------------------------------------------------------------------------------------------------------------------------------------+
; Clock Settings Summary                                                                                                                                                             ;
+-----------------+--------------------+----------+------------------+---------------+--------------+----------+-----------------------+---------------------+--------+--------------+
; Clock Node Name ; Clock Setting Name ; Type     ; Fmax Requirement ; Early Latency ; Late Latency ; Based on ; Multiply Base Fmax by ; Divide Base Fmax by ; Offset ; Phase offset ;
+-----------------+--------------------+----------+------------------+---------------+--------------+----------+-----------------------+---------------------+--------+--------------+
; clk             ;                    ; User Pin ; None             ; 0.000 ns      ; 0.000 ns     ; --       ; N/A                   ; N/A                 ; N/A    ;              ;
+-----------------+--------------------+----------+------------------+---------------+--------------+----------+-----------------------+---------------------+--------+--------------+


Parallel compilation was disabled, but you have multiple processors available. Enable parallel compilation to reduce compilation time.
+-------------------------------------+
; Parallel Compilation                ;
+----------------------------+--------+
; Processors                 ; Number ;
+----------------------------+--------+
; Number detected on machine ; 2      ;
; Maximum allowed            ; 1      ;
+----------------------------+--------+


+----------------------------------------------------------------------------------------------------------------------------------------------------------------------------------------------+
; Clock Setup: 'clk'                                                                                                                                                                           ;
+-------+------------------------------------------------+------------+------------+------------+----------+-----------------------------+---------------------------+-------------------------+
; Slack ; Actual fmax (period)                           ; From       ; To         ; From Clock ; To Clock ; Required Setup Relationship ; Required Longest P2P Time ; Actual Longest P2P Time ;
+-------+------------------------------------------------+------------+------------+------------+----------+-----------------------------+---------------------------+-------------------------+
; N/A   ; Restricted to 420.17 MHz ( period = 2.380 ns ) ; counter[0] ; counter[1] ; clk        ; clk      ; None                        ; None                      ; 0.583 ns                ;
; N/A   ; Restricted to 420.17 MHz ( period = 2.380 ns ) ; counter[1] ; counter[1] ; clk        ; clk      ; None                        ; None                      ; 0.407 ns                ;
; N/A   ; Restricted to 420.17 MHz ( period = 2.380 ns ) ; counter[0] ; counter[0] ; clk        ; clk      ; None                        ; None                      ; 0.407 ns                ;
+-------+------------------------------------------------+------------+------------+------------+----------+-----------------------------+---------------------------+-------------------------+


+------------------------------------------------------------------------+
; tco                                                                    ;
+-------+--------------+------------+------------+----------+------------+
; Slack ; Required tco ; Actual tco ; From       ; To       ; From Clock ;
+-------+--------------+------------+------------+----------+------------+
; N/A   ; None         ; 10.318 ns  ; counter[0] ; D_out[0] ; clk        ;
; N/A   ; None         ; 10.290 ns  ; counter[0] ; D_out[4] ; clk        ;
; N/A   ; None         ; 9.472 ns   ; counter[1] ; D_out[0] ; clk        ;
; N/A   ; None         ; 9.437 ns   ; counter[1] ; D_out[4] ; clk        ;
; N/A   ; None         ; 9.397 ns   ; counter[1] ; D_out[3] ; clk        ;
; N/A   ; None         ; 9.108 ns   ; counter[0] ; D_out[3] ; clk        ;
; N/A   ; None         ; 8.019 ns   ; counter[0] ; D_out[5] ; clk        ;
; N/A   ; None         ; 7.839 ns   ; counter[1] ; D_out[2] ; clk        ;
; N/A   ; None         ; 7.776 ns   ; counter[0] ; D_out[1] ; clk        ;
; N/A   ; None         ; 7.550 ns   ; counter[0] ; D_out[2] ; clk        ;
; N/A   ; None         ; 7.167 ns   ; counter[1] ; D_out[5] ; clk        ;
; N/A   ; None         ; 6.926 ns   ; counter[1] ; D_out[1] ; clk        ;
+-------+--------------+------------+------------+----------+------------+


+------------------------------------------------------------------+
; tpd                                                              ;
+-------+-------------------+-----------------+---------+----------+
; Slack ; Required P2P Time ; Actual P2P Time ; From    ; To       ;
+-------+-------------------+-----------------+---------+----------+
; N/A   ; None              ; 12.547 ns       ; hazard  ; D_out[0] ;
; N/A   ; None              ; 12.519 ns       ; hazard  ; D_out[4] ;
; N/A   ; None              ; 11.612 ns       ; hazard  ; D_out[3] ;
; N/A   ; None              ; 10.248 ns       ; hazard  ; D_out[5] ;
; N/A   ; None              ; 10.054 ns       ; hazard  ; D_out[2] ;
; N/A   ; None              ; 10.005 ns       ; hazard  ; D_out[1] ;
; N/A   ; None              ; 8.944 ns        ; left_s  ; D_out[0] ;
; N/A   ; None              ; 8.916 ns        ; left_s  ; D_out[4] ;
; N/A   ; None              ; 8.632 ns        ; right_s ; D_out[0] ;
; N/A   ; None              ; 8.604 ns        ; right_s ; D_out[4] ;
; N/A   ; None              ; 7.287 ns        ; left_s  ; D_out[3] ;
; N/A   ; None              ; 6.976 ns        ; right_s ; D_out[3] ;
; N/A   ; None              ; 6.645 ns        ; left_s  ; D_out[5] ;
; N/A   ; None              ; 6.402 ns        ; left_s  ; D_out[1] ;
; N/A   ; None              ; 6.333 ns        ; right_s ; D_out[5] ;
; N/A   ; None              ; 6.090 ns        ; right_s ; D_out[1] ;
; N/A   ; None              ; 5.733 ns        ; left_s  ; D_out[2] ;
; N/A   ; None              ; 5.412 ns        ; right_s ; D_out[2] ;
+-------+-------------------+-----------------+---------+----------+


+--------------------------+
; Timing Analyzer Messages ;
+--------------------------+
Info: *******************************************************************
Info: Running Quartus II Classic Timing Analyzer
    Info: Version 9.1 Build 350 03/24/2010 Service Pack 2 SJ Web Edition
    Info: Processing started: Mon Jan 27 22:30:53 2020
Info: Command: quartus_tan --read_settings_files=off --write_settings_files=off part6 -c part6 --timing_analysis_only
Warning: Found pins functioning as undefined clocks and/or memory enables
    Info: Assuming node "clk" is an undefined clock
Info: Clock "clk" Internal fmax is restricted to 420.17 MHz between source register "counter[0]" and destination register "counter[1]"
    Info: fmax restricted to clock pin edge rate 2.38 ns. Expand message to see actual delay path.
        Info: + Longest register to register delay is 0.583 ns
            Info: 1: + IC(0.000 ns) + CELL(0.000 ns) = 0.000 ns; Loc. = LCFF_X29_Y35_N3; Fanout = 7; REG Node = 'counter[0]'
            Info: 2: + IC(0.349 ns) + CELL(0.150 ns) = 0.499 ns; Loc. = LCCOMB_X29_Y35_N24; Fanout = 1; COMB Node = 'counter[1]~0'
            Info: 3: + IC(0.000 ns) + CELL(0.084 ns) = 0.583 ns; Loc. = LCFF_X29_Y35_N25; Fanout = 6; REG Node = 'counter[1]'
            Info: Total cell delay = 0.234 ns ( 40.14 % )
            Info: Total interconnect delay = 0.349 ns ( 59.86 % )
        Info: - Smallest clock skew is 0.000 ns
            Info: + Shortest clock path from clock "clk" to destination register is 2.698 ns
                Info: 1: + IC(0.000 ns) + CELL(0.999 ns) = 0.999 ns; Loc. = PIN_P2; Fanout = 1; CLK Node = 'clk'
                Info: 2: + IC(0.118 ns) + CELL(0.000 ns) = 1.117 ns; Loc. = CLKCTRL_G3; Fanout = 2; COMB Node = 'clk~clkctrl'
                Info: 3: + IC(1.044 ns) + CELL(0.537 ns) = 2.698 ns; Loc. = LCFF_X29_Y35_N25; Fanout = 6; REG Node = 'counter[1]'
                Info: Total cell delay = 1.536 ns ( 56.93 % )
                Info: Total interconnect delay = 1.162 ns ( 43.07 % )
            Info: - Longest clock path from clock "clk" to source register is 2.698 ns
                Info: 1: + IC(0.000 ns) + CELL(0.999 ns) = 0.999 ns; Loc. = PIN_P2; Fanout = 1; CLK Node = 'clk'
                Info: 2: + IC(0.118 ns) + CELL(0.000 ns) = 1.117 ns; Loc. = CLKCTRL_G3; Fanout = 2; COMB Node = 'clk~clkctrl'
                Info: 3: + IC(1.044 ns) + CELL(0.537 ns) = 2.698 ns; Loc. = LCFF_X29_Y35_N3; Fanout = 7; REG Node = 'counter[0]'
                Info: Total cell delay = 1.536 ns ( 56.93 % )
                Info: Total interconnect delay = 1.162 ns ( 43.07 % )
        Info: + Micro clock to output delay of source is 0.250 ns
        Info: + Micro setup delay of destination is -0.036 ns
Info: tco from clock "clk" to destination pin "D_out[0]" through register "counter[0]" is 10.318 ns
    Info: + Longest clock path from clock "clk" to source register is 2.698 ns
        Info: 1: + IC(0.000 ns) + CELL(0.999 ns) = 0.999 ns; Loc. = PIN_P2; Fanout = 1; CLK Node = 'clk'
        Info: 2: + IC(0.118 ns) + CELL(0.000 ns) = 1.117 ns; Loc. = CLKCTRL_G3; Fanout = 2; COMB Node = 'clk~clkctrl'
        Info: 3: + IC(1.044 ns) + CELL(0.537 ns) = 2.698 ns; Loc. = LCFF_X29_Y35_N3; Fanout = 7; REG Node = 'counter[0]'
        Info: Total cell delay = 1.536 ns ( 56.93 % )
        Info: Total interconnect delay = 1.162 ns ( 43.07 % )
    Info: + Micro clock to output delay of source is 0.250 ns
    Info: + Longest register to pin delay is 7.370 ns
        Info: 1: + IC(0.000 ns) + CELL(0.000 ns) = 0.000 ns; Loc. = LCFF_X29_Y35_N3; Fanout = 7; REG Node = 'counter[0]'
        Info: 2: + IC(0.348 ns) + CELL(0.420 ns) = 0.768 ns; Loc. = LCCOMB_X29_Y35_N12; Fanout = 4; COMB Node = 'Mux7~0'
        Info: 3: + IC(0.280 ns) + CELL(0.410 ns) = 1.458 ns; Loc. = LCCOMB_X29_Y35_N14; Fanout = 1; COMB Node = 'Mux7~1'
        Info: 4: + IC(3.144 ns) + CELL(2.768 ns) = 7.370 ns; Loc. = PIN_AA12; Fanout = 0; PIN Node = 'D_out[0]'
        Info: Total cell delay = 3.598 ns ( 48.82 % )
        Info: Total interconnect delay = 3.772 ns ( 51.18 % )
Info: Longest tpd from source pin "hazard" to destination pin "D_out[0]" is 12.547 ns
    Info: 1: + IC(0.000 ns) + CELL(0.820 ns) = 0.820 ns; Loc. = PIN_F12; Fanout = 6; PIN Node = 'hazard'
    Info: 2: + IC(4.850 ns) + CELL(0.275 ns) = 5.945 ns; Loc. = LCCOMB_X29_Y35_N12; Fanout = 4; COMB Node = 'Mux7~0'
    Info: 3: + IC(0.280 ns) + CELL(0.410 ns) = 6.635 ns; Loc. = LCCOMB_X29_Y35_N14; Fanout = 1; COMB Node = 'Mux7~1'
    Info: 4: + IC(3.144 ns) + CELL(2.768 ns) = 12.547 ns; Loc. = PIN_AA12; Fanout = 0; PIN Node = 'D_out[0]'
    Info: Total cell delay = 4.273 ns ( 34.06 % )
    Info: Total interconnect delay = 8.274 ns ( 65.94 % )
Info: Quartus II Classic Timing Analyzer was successful. 0 errors, 1 warning
    Info: Peak virtual memory: 194 megabytes
    Info: Processing ended: Mon Jan 27 22:30:53 2020
    Info: Elapsed time: 00:00:00
    Info: Total CPU time (on all processors): 00:00:01


