Analysis & Synthesis report for ROM
Mon Jan 27 14:49:06 2020
Quartus II Version 9.1 Build 350 03/24/2010 Service Pack 2 SJ Web Edition


---------------------
; Table of Contents ;
---------------------
  1. Legal Notice
  2. Analysis & Synthesis Summary
  3. Analysis & Synthesis Settings
  4. Parallel Compilation
  5. Analysis & Synthesis Source Files Read
  6. Analysis & Synthesis Resource Usage Summary
  7. Analysis & Synthesis Resource Utilization by Entity
  8. State Machine - |overall|FSM:C1|PS
  9. Registers Removed During Synthesis
 10. Removed Registers Triggering Further Register Optimizations
 11. General Register Statistics
 12. Analysis & Synthesis Messages



----------------
; Legal Notice ;
----------------
Copyright (C) 1991-2010 Altera Corporation
Your use of Altera Corporation's design tools, logic functions 
and other software and tools, and its AMPP partner logic 
functions, and any output files from any of the foregoing 
(including device programming or simulation files), and any 
associated documentation or information are expressly subject 
to the terms and conditions of the Altera Program License 
Subscription Agreement, Altera MegaCore Function License 
Agreement, or other applicable license agreement, including, 
without limitation, that your use is for the sole purpose of 
programming logic devices manufactured by Altera and sold by 
Altera or its authorized distributors.  Please refer to the 
applicable agreement for further details.



+-----------------------------------------------------------------------------------+
; Analysis & Synthesis Summary                                                      ;
+------------------------------------+----------------------------------------------+
; Analysis & Synthesis Status        ; Successful - Mon Jan 27 14:49:06 2020        ;
; Quartus II Version                 ; 9.1 Build 350 03/24/2010 SP 2 SJ Web Edition ;
; Revision Name                      ; ROM                                          ;
; Top-level Entity Name              ; overall                                      ;
; Family                             ; Cyclone II                                   ;
; Total logic elements               ; 49                                           ;
;     Total combinational functions  ; 25                                           ;
;     Dedicated logic registers      ; 39                                           ;
; Total registers                    ; 39                                           ;
; Total pins                         ; 23                                           ;
; Total virtual pins                 ; 0                                            ;
; Total memory bits                  ; 0                                            ;
; Embedded Multiplier 9-bit elements ; 0                                            ;
; Total PLLs                         ; 0                                            ;
+------------------------------------+----------------------------------------------+


+----------------------------------------------------------------------------------------------------------------------+
; Analysis & Synthesis Settings                                                                                        ;
+----------------------------------------------------------------------------+--------------------+--------------------+
; Option                                                                     ; Setting            ; Default Value      ;
+----------------------------------------------------------------------------+--------------------+--------------------+
; Device                                                                     ; EP2C35F672C6       ;                    ;
; Top-level entity name                                                      ; overall            ; ROM                ;
; Family name                                                                ; Cyclone II         ; Stratix II         ;
; Use Generated Physical Constraints File                                    ; Off                ;                    ;
; Use smart compilation                                                      ; Off                ; Off                ;
; Enable parallel Assembler and TimeQuest Timing Analyzer during compilation ; On                 ; On                 ;
; Enable compact report table                                                ; Off                ; Off                ;
; Restructure Multiplexers                                                   ; Auto               ; Auto               ;
; Create Debugging Nodes for IP Cores                                        ; Off                ; Off                ;
; Preserve fewer node names                                                  ; On                 ; On                 ;
; Disable OpenCore Plus hardware evaluation                                  ; Off                ; Off                ;
; Verilog Version                                                            ; Verilog_2001       ; Verilog_2001       ;
; VHDL Version                                                               ; VHDL_1993          ; VHDL_1993          ;
; State Machine Processing                                                   ; Auto               ; Auto               ;
; Safe State Machine                                                         ; Off                ; Off                ;
; Extract Verilog State Machines                                             ; On                 ; On                 ;
; Extract VHDL State Machines                                                ; On                 ; On                 ;
; Ignore Verilog initial constructs                                          ; Off                ; Off                ;
; Iteration limit for constant Verilog loops                                 ; 5000               ; 5000               ;
; Iteration limit for non-constant Verilog loops                             ; 250                ; 250                ;
; Add Pass-Through Logic to Inferred RAMs                                    ; On                 ; On                 ;
; Parallel Synthesis                                                         ; On                 ; On                 ;
; DSP Block Balancing                                                        ; Auto               ; Auto               ;
; NOT Gate Push-Back                                                         ; On                 ; On                 ;
; Power-Up Don't Care                                                        ; On                 ; On                 ;
; Remove Redundant Logic Cells                                               ; Off                ; Off                ;
; Remove Duplicate Registers                                                 ; On                 ; On                 ;
; Ignore CARRY Buffers                                                       ; Off                ; Off                ;
; Ignore CASCADE Buffers                                                     ; Off                ; Off                ;
; Ignore GLOBAL Buffers                                                      ; Off                ; Off                ;
; Ignore ROW GLOBAL Buffers                                                  ; Off                ; Off                ;
; Ignore LCELL Buffers                                                       ; Off                ; Off                ;
; Ignore SOFT Buffers                                                        ; On                 ; On                 ;
; Limit AHDL Integers to 32 Bits                                             ; Off                ; Off                ;
; Optimization Technique                                                     ; Balanced           ; Balanced           ;
; Carry Chain Length                                                         ; 70                 ; 70                 ;
; Auto Carry Chains                                                          ; On                 ; On                 ;
; Auto Open-Drain Pins                                                       ; On                 ; On                 ;
; Perform WYSIWYG Primitive Resynthesis                                      ; Off                ; Off                ;
; Auto ROM Replacement                                                       ; On                 ; On                 ;
; Auto RAM Replacement                                                       ; On                 ; On                 ;
; Auto Shift Register Replacement                                            ; Auto               ; Auto               ;
; Auto Clock Enable Replacement                                              ; On                 ; On                 ;
; Strict RAM Replacement                                                     ; Off                ; Off                ;
; Allow Synchronous Control Signals                                          ; On                 ; On                 ;
; Force Use of Synchronous Clear Signals                                     ; Off                ; Off                ;
; Auto RAM to Logic Cell Conversion                                          ; Off                ; Off                ;
; Auto Resource Sharing                                                      ; Off                ; Off                ;
; Allow Any RAM Size For Recognition                                         ; Off                ; Off                ;
; Allow Any ROM Size For Recognition                                         ; Off                ; Off                ;
; Allow Any Shift Register Size For Recognition                              ; Off                ; Off                ;
; Use LogicLock Constraints during Resource Balancing                        ; On                 ; On                 ;
; Ignore translate_off and synthesis_off directives                          ; Off                ; Off                ;
; Timing-Driven Synthesis                                                    ; Off                ; Off                ;
; Show Parameter Settings Tables in Synthesis Report                         ; On                 ; On                 ;
; Ignore Maximum Fan-Out Assignments                                         ; Off                ; Off                ;
; Synchronization Register Chain Length                                      ; 2                  ; 2                  ;
; PowerPlay Power Optimization                                               ; Normal compilation ; Normal compilation ;
; HDL message level                                                          ; Level2             ; Level2             ;
; Suppress Register Optimization Related Messages                            ; Off                ; Off                ;
; Number of Removed Registers Reported in Synthesis Report                   ; 5000               ; 5000               ;
; Number of Inverted Registers Reported in Synthesis Report                  ; 100                ; 100                ;
; Clock MUX Protection                                                       ; On                 ; On                 ;
; Auto Gated Clock Conversion                                                ; Off                ; Off                ;
; Block Design Naming                                                        ; Auto               ; Auto               ;
; SDC constraint protection                                                  ; Off                ; Off                ;
; Synthesis Effort                                                           ; Auto               ; Auto               ;
; Shift Register Replacement - Allow Asynchronous Clear Signal               ; On                 ; On                 ;
; Analysis & Synthesis Message Level                                         ; Medium             ; Medium             ;
; Disable Register Merging Across Hierarchies                                ; Auto               ; Auto               ;
; Resource Aware Inference For Block RAM                                     ; On                 ; On                 ;
+----------------------------------------------------------------------------+--------------------+--------------------+


Parallel compilation was disabled, but you have multiple processors available. Enable parallel compilation to reduce compilation time.
+-------------------------------------+
; Parallel Compilation                ;
+----------------------------+--------+
; Processors                 ; Number ;
+----------------------------+--------+
; Number detected on machine ; 2      ;
; Maximum allowed            ; 1      ;
+----------------------------+--------+


+-----------------------------------------------------------------------------------------------------+
; Analysis & Synthesis Source Files Read                                                              ;
+----------------------------------+-----------------+-----------------+------------------------------+
; File Name with User-Entered Path ; Used in Netlist ; File Type       ; File Name with Absolute Path ;
+----------------------------------+-----------------+-----------------+------------------------------+
; ROM.vhd                          ; yes             ; User VHDL File  ; D:/Lab4/part1/ROM.vhd        ;
; RAM.vhd                          ; yes             ; User VHDL File  ; D:/Lab4/part1/RAM.vhd        ;
; FSM.vhd                          ; yes             ; User VHDL File  ; D:/Lab4/part1/FSM.vhd        ;
; overall.vhd                      ; yes             ; User VHDL File  ; D:/Lab4/part1/overall.vhd    ;
+----------------------------------+-----------------+-----------------+------------------------------+


+-----------------------------------------------------+
; Analysis & Synthesis Resource Usage Summary         ;
+---------------------------------------------+-------+
; Resource                                    ; Usage ;
+---------------------------------------------+-------+
; Estimated Total logic elements              ; 49    ;
;                                             ;       ;
; Total combinational functions               ; 25    ;
; Logic element usage by number of LUT inputs ;       ;
;     -- 4 input functions                    ; 11    ;
;     -- 3 input functions                    ; 4     ;
;     -- <=2 input functions                  ; 10    ;
;                                             ;       ;
; Logic elements by mode                      ;       ;
;     -- normal mode                          ; 25    ;
;     -- arithmetic mode                      ; 0     ;
;                                             ;       ;
; Total registers                             ; 39    ;
;     -- Dedicated logic registers            ; 39    ;
;     -- I/O registers                        ; 0     ;
;                                             ;       ;
; I/O pins                                    ; 23    ;
; Maximum fan-out node                        ; t_clk ;
; Maximum fan-out                             ; 39    ;
; Total fan-out                               ; 197   ;
; Average fan-out                             ; 2.26  ;
+---------------------------------------------+-------+


+-----------------------------------------------------------------------------------------------------------------------------------------------------------------------------+
; Analysis & Synthesis Resource Utilization by Entity                                                                                                                         ;
+----------------------------+-------------------+--------------+-------------+--------------+---------+-----------+------+--------------+---------------------+--------------+
; Compilation Hierarchy Node ; LC Combinationals ; LC Registers ; Memory Bits ; DSP Elements ; DSP 9x9 ; DSP 18x18 ; Pins ; Virtual Pins ; Full Hierarchy Name ; Library Name ;
+----------------------------+-------------------+--------------+-------------+--------------+---------+-----------+------+--------------+---------------------+--------------+
; |overall                   ; 25 (0)            ; 39 (0)       ; 0           ; 0            ; 0       ; 0         ; 23   ; 0            ; |overall            ; work         ;
;    |FSM:C1|                ; 5 (5)             ; 8 (8)        ; 0           ; 0            ; 0       ; 0         ; 0    ; 0            ; |overall|FSM:C1     ;              ;
;    |RAM:C3|                ; 16 (16)           ; 26 (26)      ; 0           ; 0            ; 0       ; 0         ; 0    ; 0            ; |overall|RAM:C3     ; work         ;
;    |ROM:C2|                ; 4 (4)             ; 5 (5)        ; 0           ; 0            ; 0       ; 0         ; 0    ; 0            ; |overall|ROM:C2     ;              ;
+----------------------------+-------------------+--------------+-------------+--------------+---------+-----------+------+--------------+---------------------+--------------+
Note: For table entries with two numbers listed, the numbers in parentheses indicate the number of resources of the given type used by the specific entity alone. The numbers listed outside of parentheses indicate the total resources of the given type used by the specific entity and all of its sub-entities in the hierarchy.


Encoding Type:  One-Hot
+-----------------------------------------------------------------------+
; State Machine - |overall|FSM:C1|PS                                    ;
+-------+-------+-------+-------+-------+-------+-------+-------+-------+
; Name  ; PS.S8 ; PS.S7 ; PS.S6 ; PS.S5 ; PS.S4 ; PS.S3 ; PS.S2 ; PS.S1 ;
+-------+-------+-------+-------+-------+-------+-------+-------+-------+
; PS.S1 ; 0     ; 0     ; 0     ; 0     ; 0     ; 0     ; 0     ; 0     ;
; PS.S2 ; 0     ; 0     ; 0     ; 0     ; 0     ; 0     ; 1     ; 1     ;
; PS.S3 ; 0     ; 0     ; 0     ; 0     ; 0     ; 1     ; 0     ; 1     ;
; PS.S4 ; 0     ; 0     ; 0     ; 0     ; 1     ; 0     ; 0     ; 1     ;
; PS.S5 ; 0     ; 0     ; 0     ; 1     ; 0     ; 0     ; 0     ; 1     ;
; PS.S6 ; 0     ; 0     ; 1     ; 0     ; 0     ; 0     ; 0     ; 1     ;
; PS.S7 ; 0     ; 1     ; 0     ; 0     ; 0     ; 0     ; 0     ; 1     ;
; PS.S8 ; 1     ; 0     ; 0     ; 0     ; 0     ; 0     ; 0     ; 1     ;
+-------+-------+-------+-------+-------+-------+-------+-------+-------+


+---------------------------------------------------------------------------------+
; Registers Removed During Synthesis                                              ;
+----------------------------------------+----------------------------------------+
; Register name                          ; Reason for Removal                     ;
+----------------------------------------+----------------------------------------+
; ROM:C2|data_out[2]~reg0                ; Stuck at GND due to stuck port data_in ;
; ROM:C2|data_out[3]~reg0                ; Stuck at GND due to stuck port data_in ;
; ROM:C2|data_out[6]~reg0                ; Stuck at VCC due to stuck port data_in ;
; ROM:C2|data_out[7]~reg0                ; Stuck at VCC due to stuck port data_in ;
; RAM:C3|Ram~25                          ; Stuck at VCC due to stuck port data_in ;
; RAM:C3|Ram~33                          ; Stuck at VCC due to stuck port data_in ;
; RAM:C3|Ram~41                          ; Stuck at VCC due to stuck port data_in ;
; RAM:C3|Ram~17                          ; Stuck at VCC due to stuck port data_in ;
; RAM:C3|Ram~34                          ; Stuck at VCC due to stuck port data_in ;
; RAM:C3|Ram~26                          ; Stuck at VCC due to stuck port data_in ;
; RAM:C3|Ram~42                          ; Stuck at VCC due to stuck port data_in ;
; RAM:C3|Ram~18                          ; Stuck at VCC due to stuck port data_in ;
; ROM:C2|data_out[5]~en                  ; Merged with ROM:C2|data_out[4]~en      ;
; ROM:C2|data_out[4]~en                  ; Merged with ROM:C2|data_out[3]~en      ;
; ROM:C2|data_out[3]~en                  ; Merged with ROM:C2|data_out[2]~en      ;
; ROM:C2|data_out[2]~en                  ; Merged with ROM:C2|data_out[1]~en      ;
; ROM:C2|data_out[1]~en                  ; Merged with ROM:C2|data_out[0]~en      ;
; ROM:C2|data_out[4]~reg0                ; Merged with ROM:C2|data_out[0]~reg0    ;
; ROM:C2|data_out[5]~reg0                ; Merged with ROM:C2|data_out[1]~reg0    ;
; RAM:C3|Ram~22                          ; Merged with RAM:C3|Ram~21              ;
; RAM:C3|Ram~30                          ; Merged with RAM:C3|Ram~29              ;
; RAM:C3|Ram~38                          ; Merged with RAM:C3|Ram~37              ;
; RAM:C3|Ram~14                          ; Merged with RAM:C3|Ram~13              ;
; RAM:C3|Ram~23                          ; Merged with RAM:C3|Ram~19              ;
; RAM:C3|Ram~31                          ; Merged with RAM:C3|Ram~27              ;
; RAM:C3|Ram~39                          ; Merged with RAM:C3|Ram~35              ;
; RAM:C3|Ram~15                          ; Merged with RAM:C3|Ram~11              ;
; RAM:C3|Ram~32                          ; Merged with RAM:C3|Ram~28              ;
; RAM:C3|Ram~24                          ; Merged with RAM:C3|Ram~20              ;
; RAM:C3|Ram~40                          ; Merged with RAM:C3|Ram~36              ;
; RAM:C3|Ram~16                          ; Merged with RAM:C3|Ram~12              ;
; RAM:C3|Dout[6]~reg0                    ; Stuck at VCC due to stuck port data_in ;
; RAM:C3|Dout[7]~reg0                    ; Stuck at VCC due to stuck port data_in ;
; Total Number of Removed Registers = 33 ;                                        ;
+----------------------------------------+----------------------------------------+


+------------------------------------------------------------------------------------------------+
; Removed Registers Triggering Further Register Optimizations                                    ;
+-------------------------+---------------------------+------------------------------------------+
; Register name           ; Reason for Removal        ; Registers Removed due to This Register   ;
+-------------------------+---------------------------+------------------------------------------+
; ROM:C2|data_out[2]~reg0 ; Stuck at GND              ; RAM:C3|Dout[6]~reg0, RAM:C3|Dout[7]~reg0 ;
;                         ; due to stuck port data_in ;                                          ;
+-------------------------+---------------------------+------------------------------------------+


+------------------------------------------------------+
; General Register Statistics                          ;
+----------------------------------------------+-------+
; Statistic                                    ; Value ;
+----------------------------------------------+-------+
; Total registers                              ; 39    ;
; Number of registers using Synchronous Clear  ; 0     ;
; Number of registers using Synchronous Load   ; 0     ;
; Number of registers using Asynchronous Clear ; 11    ;
; Number of registers using Asynchronous Load  ; 0     ;
; Number of registers using Clock Enable       ; 12    ;
; Number of registers using Preset             ; 0     ;
+----------------------------------------------+-------+


+-------------------------------+
; Analysis & Synthesis Messages ;
+-------------------------------+
Info: *******************************************************************
Info: Running Quartus II Analysis & Synthesis
    Info: Version 9.1 Build 350 03/24/2010 Service Pack 2 SJ Web Edition
    Info: Processing started: Mon Jan 27 14:49:05 2020
Info: Command: quartus_map --read_settings_files=on --write_settings_files=off ROM -c ROM
Info: Found 2 design units, including 1 entities, in source file rom.vhd
    Info: Found design unit 1: ROM-behave
    Info: Found entity 1: ROM
Info: Found 2 design units, including 1 entities, in source file ram.vhd
    Info: Found design unit 1: RAM-arch
    Info: Found entity 1: RAM
Info: Found 2 design units, including 1 entities, in source file fsm.vhd
    Info: Found design unit 1: FSM-behave
    Info: Found entity 1: FSM
Info: Found 2 design units, including 1 entities, in source file overall.vhd
    Info: Found design unit 1: overall-struct
    Info: Found entity 1: overall
Info: Elaborating entity "overall" for the top level hierarchy
Info: Elaborating entity "FSM" for hierarchy "FSM:C1"
Info: Elaborating entity "ROM" for hierarchy "ROM:C2"
Info: Elaborating entity "RAM" for hierarchy "RAM:C3"
Info: Found 2 instances of uninferred RAM logic
    Info: RAM logic "RAM:C3|Ram" is uninferred due to inappropriate RAM size
    Info: RAM logic "ROM:C2|my_rom" is uninferred due to inappropriate RAM size
Warning: Open-drain buffer(s) that do not directly drive top-level pin(s) are removed
    Warning: Converted the fanout from the open-drain buffer "ROM:C2|data_out[2]" to the node "RAM:C3|Ram" into a wire
    Warning: Converted the fanout from the open-drain buffer "ROM:C2|data_out[3]" to the node "RAM:C3|Ram" into a wire
Warning: Tri-state node(s) do not directly drive top-level pin(s)
    Warning: Converted the fan-out from the tri-state buffer "ROM:C2|data_out[0]" to the node "RAM:C3|Ram" into an OR gate
    Warning: Converted the fan-out from the tri-state buffer "ROM:C2|data_out[1]" to the node "RAM:C3|Ram" into an OR gate
    Warning: Converted the fan-out from the tri-state buffer "ROM:C2|data_out[4]" to the node "RAM:C3|Ram" into an OR gate
    Warning: Converted the fan-out from the tri-state buffer "ROM:C2|data_out[5]" to the node "RAM:C3|Ram" into an OR gate
    Warning: Converted the fan-out from the tri-state buffer "ROM:C2|data_out[6]" to the node "RAM:C3|Ram" into an OR gate
    Warning: Converted the fan-out from the tri-state buffer "ROM:C2|data_out[7]" to the node "RAM:C3|Ram" into an OR gate
Info: Implemented 77 device resources after synthesis - the final resource count might be different
    Info: Implemented 2 input pins
    Info: Implemented 21 output pins
    Info: Implemented 54 logic cells
Info: Quartus II Analysis & Synthesis was successful. 0 errors, 10 warnings
    Info: Peak virtual memory: 191 megabytes
    Info: Processing ended: Mon Jan 27 14:49:06 2020
    Info: Elapsed time: 00:00:01
    Info: Total CPU time (on all processors): 00:00:02


